<?xml version="1.0" encoding="UTF-8"?>
<coverage line-rate="0.8571428571428571" branch-rate="0.5" lines-covered="6" lines-valid="7"
    branches-covered="1" version="gcovr 6.0">
    <packages>
        <package name="com.parasoft.demoapp.config.security">
            <classes>
                <class filename="CustomAccessDeniedHandler.java"
                    name="com.parasoft.demoapp.config.security.CustomAccessDeniedHandler">
                    <lines>
                        <line number="16" hits="1"></line>
                        <line number="20" hits="2"></line>
                        <line number="21" hits="1"></line>
                        <line number="23" hits="1"></line>
                        <line number="24" hits="1"></line>
                        <line number="26" hits="2"></line>
                    </lines>
                </class>
	    </classes>
        </package>
    </packages>
</coverage>
