<?xml version="1.0" encoding="UTF-8"?>
<coverage line-rate="0.8571428571428571" branch-rate="0.5" lines-covered="6" lines-valid="7"
    branches-covered="1" version="gcovr 6.0">
    <packages>
        <package name="com.parasoft.demoapp.config.security">
            <classes>
                <class filename="CustomAccessDeniedHandler.java"
                    name="com.parasoft.demoapp.config.security.CustomAccessDeniedHandler">
                    <lines>
                        <line number="16" hits="1"></line>
                        <line number="20" hits="2"></line>
                        <line number="21" hits="1"></line>
                        <line number="23" hits="1"></line>
                        <line number="24" hits="1"></line>
                        <line number="26" hits="2"></line>
                    </lines>
                </class>
                <class filename="CustomAuthenticationEntryPoint.java"
                    name="com.parasoft.demoapp.config.security.CustomAuthenticationEntryPoint">
                    <lines>
                        <line number="17" hits="1"></line>
                        <line number="23" hits="2"></line>
                        <line number="24" hits="2"></line>
                        <line number="25" hits="1"></line>
                        <line number="27" hits="1"></line>
                        <line number="28" hits="1"></line>
                        <line number="29" hits="1"></line>
                        <line number="32" hits="2"></line>
                        <line number="35" hits="1"></line>
                    </lines>
                </class>
                <class filename="CustomAuthenticationFailureHandler.java"
                    name="com.parasoft.demoapp.config.security.CustomAuthenticationFailureHandler">
                    <lines>
                        <line number="17" hits="1"></line>
                        <line number="21" hits="1"></line>
                        <line number="23" hits="1"></line>
                    </lines>
                </class>
                <class filename="CustomAuthenticationSuccessHandler.java"
                    name="com.parasoft.demoapp.config.security.CustomAuthenticationSuccessHandler">
                    <lines>
                        <line number="20" hits="1"></line>
                        <line number="26" hits="2"></line>
                        <line number="27" hits="2"></line>
                        <line number="29" hits="2"></line>
                        <line number="30" hits="2"></line>
                        <line number="32" hits="2"></line>
                        <line number="34" hits="2"></line>
                        <line number="35" hits="1"></line>
                        <line number="37" hits="1"></line>
                        <line number="38" hits="1"></line>
                        <line number="41" hits="1"></line>
                        <line number="43" hits="1"></line>
                    </lines>
                </class>
                <class filename="CustomBearerTokenAuthenticationEntryPoint.java"
                    name="com.parasoft.demoapp.config.security.CustomBearerTokenAuthenticationEntryPoint">
                    <lines>
                        <line number="17" hits="1"></line>
                        <line number="19" hits="1"></line>
                        <line number="25" hits="0"></line>
                        <line number="27" hits="0"></line>
                        <line number="28" hits="0"></line>
                        <line number="29" hits="0"></line>
                        <line number="30" hits="0"></line>
                        <line number="33" hits="0"></line>
                        <line number="34" hits="0"></line>
                        <line number="35" hits="0"></line>
                        <line number="36" hits="0"></line>
                        <line number="39" hits="0"></line>
                        <line number="40" hits="0"></line>
                        <line number="41" hits="0"></line>
                    </lines>
                </class>
                <class filename="CustomLogoutSuccessHandler.java"
                    name="com.parasoft.demoapp.config.security.CustomLogoutSuccessHandler">
                    <lines>
                        <line number="16" hits="1"></line>
                        <line number="18" hits="1"></line>
                        <line number="25" hits="0"></line>
                        <line number="26" hits="0"></line>
                        <line number="27" hits="0"></line>
                        <line number="29" hits="0"></line>
                        <line number="30" hits="0"></line>
                        <line number="31" hits="0"></line>
                        <line number="32" hits="0"></line>
                        <line number="34" hits="0"></line>
                        <line number="35" hits="0"></line>
                    </lines>
                </class>
                <class filename="CustomOAuth2AuthenticationFailureHandler.java"
                    name="com.parasoft.demoapp.config.security.CustomOAuth2AuthenticationFailureHandler">
                    <lines>
                        <line number="18" hits="1"></line>
                        <line number="20" hits="1"></line>
                        <line number="30" hits="0"></line>
                        <line number="31" hits="0"></line>
                        <line number="32" hits="0"></line>
                        <line number="33" hits="0"></line>
                        <line number="34" hits="0"></line>
                        <line number="35" hits="0"></line>
                        <line number="39" hits="0"></line>
                        <line number="40" hits="0"></line>
                        <line number="42" hits="0"></line>
                        <line number="43" hits="0"></line>
                        <line number="44" hits="0"></line>
                        <line number="47" hits="0"></line>
                        <line number="48" hits="0"></line>
                        <line number="50" hits="0"></line>
                        <line number="53" hits="0"></line>
                        <line number="55" hits="0"></line>
                        <line number="56" hits="0"></line>
                        <line number="57" hits="0"></line>
                        <line number="58" hits="0"></line>
                        <line number="60" hits="0"></line>
                    </lines>
                </class>
                <class filename="CustomOAuth2User.java"
                    name="com.parasoft.demoapp.config.security.CustomOAuth2User">
                    <lines>
                        <line number="15" hits="0"></line>
                        <line number="16" hits="0"></line>
                        <line number="22" hits="0"></line>
                        <line number="23" hits="0"></line>
                        <line number="24" hits="0"></line>
                        <line number="28" hits="0"></line>
                        <line number="33" hits="0"></line>
                        <line number="38" hits="0"></line>
                    </lines>
                </class>
                <class filename="CustomOidcUser.java"
                    name="com.parasoft.demoapp.config.security.CustomOidcUser">
                    <lines>
                        <line number="19" hits="0"></line>
                        <line number="20" hits="0"></line>
                        <line number="23" hits="0"></line>
                        <line number="24" hits="0"></line>
                        <line number="27" hits="0"></line>
                        <line number="28" hits="0"></line>
                        <line number="32" hits="0"></line>
                        <line number="33" hits="0"></line>
                        <line number="34" hits="0"></line>
                        <line number="38" hits="0"></line>
                        <line number="43" hits="0"></line>
                        <line number="48" hits="0"></line>
                        <line number="52" hits="0"></line>
                        <line number="53" hits="0"></line>
                        <line number="54" hits="0"></line>
                        <line number="55" hits="0"></line>
                        <line number="57" hits="0"></line>
                        <line number="58" hits="0"></line>
                    </lines>
                </class>
                <class filename="PlainTextPasswordEncoder.java"
                    name="com.parasoft.demoapp.config.security.PlainTextPasswordEncoder">
                    <lines>
                        <line number="9" hits="1"></line>
                        <line number="14" hits="1"></line>
                        <line number="18" hits="1"></line>
                        <line number="21" hits="1"></line>
                        <line number="23" hits="1"></line>
                        <line number="24" hits="1"></line>
                    </lines>
                </class>
                <class filename="SecurityConfig.java"
                    name="com.parasoft.demoapp.config.security.SecurityConfig">
                    <lines>
                        <line number="43" hits="1"></line>
                        <line number="74" hits="1"></line>
                        <line number="78" hits="1"></line>
                        <line number="79" hits="1"></line>
                        <line number="80" hits="1"></line>
                        <line number="84" hits="1"></line>
                        <line number="90" hits="1"></line>
                        <line number="91" hits="1"></line>
                        <line number="92" hits="1"></line>
                        <line number="93" hits="1"></line>
                        <line number="94" hits="1"></line>
                        <line number="95" hits="1"></line>
                        <line number="96" hits="1"></line>
                        <line number="97" hits="1"></line>
                        <line number="98" hits="1"></line>
                        <line number="99" hits="1"></line>
                        <line number="100" hits="1"></line>
                        <line number="101" hits="1"></line>
                        <line number="102" hits="1"></line>
                        <line number="103" hits="1"></line>
                        <line number="104" hits="1"></line>
                        <line number="105" hits="1"></line>
                        <line number="106" hits="1"></line>
                        <line number="107" hits="1"></line>
                        <line number="108" hits="1"></line>
                        <line number="110" hits="1"></line>
                        <line number="111" hits="1"></line>
                        <line number="112" hits="1"></line>
                        <line number="113" hits="1"></line>
                        <line number="114" hits="1"></line>
                        <line number="115" hits="1"></line>
                        <line number="117" hits="1"></line>
                        <line number="118" hits="1"></line>
                        <line number="119" hits="1"></line>
                        <line number="120" hits="1"></line>
                        <line number="124" hits="1"></line>
                        <line number="128" hits="1"></line>
                        <line number="129" hits="1"></line>
                        <line number="130" hits="1"></line>
                        <line number="134" hits="1"></line>
                        <line number="136" hits="1"></line>
                        <line number="137" hits="1"></line>
                        <line number="138" hits="1"></line>
                        <line number="139" hits="1"></line>
                        <line number="140" hits="1"></line>
                        <line number="141" hits="1"></line>
                        <line number="142" hits="1"></line>
                        <line number="143" hits="1"></line>
                        <line number="144" hits="1"></line>
                        <line number="145" hits="1"></line>
                        <line number="146" hits="1"></line>
                        <line number="147" hits="1"></line>
                        <line number="148" hits="1"></line>
                        <line number="149" hits="1"></line>
                        <line number="150" hits="1"></line>
                        <line number="151" hits="1"></line>
                        <line number="152" hits="1"></line>
                        <line number="153" hits="1"></line>
                        <line number="154" hits="1"></line>
                        <line number="155" hits="1"></line>
                        <line number="156" hits="1"></line>
                        <line number="157" hits="1"></line>
                        <line number="158" hits="1"></line>
                        <line number="159" hits="1"></line>
                        <line number="160" hits="1"></line>
                        <line number="161" hits="1"></line>
                        <line number="162" hits="1"></line>
                        <line number="163" hits="1"></line>
                        <line number="165" hits="1"></line>
                        <line number="166" hits="1"></line>
                        <line number="167" hits="1"></line>
                        <line number="168" hits="1"></line>
                        <line number="171" hits="1"></line>
                        <line number="173" hits="1"></line>
                        <line number="174" hits="0"></line>
                        <line number="175" hits="0"></line>
                        <line number="176" hits="0"></line>
                        <line number="180" hits="0"></line>
                        <line number="181" hits="0"></line>
                        <line number="182" hits="0"></line>
                        <line number="184" hits="0"></line>
                        <line number="185" hits="0"></line>
                        <line number="186" hits="0"></line>
                        <line number="187" hits="0"></line>
                        <line number="188" hits="0"></line>
                        <line number="189" hits="0"></line>
                        <line number="190" hits="0"></line>
                        <line number="191" hits="0"></line>
                        <line number="192" hits="0"></line>
                        <line number="199" hits="1"></line>
                        <line number="202" hits="1"></line>
                        <line number="204" hits="0"></line>
                        <line number="205" hits="0"></line>
                        <line number="207" hits="0"></line>
                        <line number="213" hits="0"></line>
                        <line number="217" hits="0"></line>
                        <line number="218" hits="0"></line>
                        <line number="219" hits="0"></line>
                        <line number="223" hits="0"></line>
                        <line number="227" hits="0"></line>
                        <line number="235" hits="0"></line>
                        <line number="236" hits="0"></line>
                        <line number="237" hits="0"></line>
                        <line number="238" hits="0"></line>
                        <line number="239" hits="0"></line>
                        <line number="241" hits="0"></line>
                        <line number="242" hits="0"></line>
                        <line number="243" hits="0"></line>
                        <line number="244" hits="0"></line>
                        <line number="246" hits="0"></line>
                        <line number="247" hits="0"></line>
                        <line number="250" hits="0"></line>
                        <line number="251" hits="0"></line>
                        <line number="252" hits="0"></line>
                        <line number="253" hits="0"></line>
                        <line number="254" hits="0"></line>
                        <line number="255" hits="0"></line>
                        <line number="256" hits="0"></line>
                        <line number="257" hits="0"></line>
                        <line number="260" hits="0"></line>
                        <line number="261" hits="0"></line>
                        <line number="264" hits="0"></line>
                        <line number="265" hits="0"></line>
                        <line number="267" hits="0"></line>
                    </lines>
                </class>
            </classes>
        </package>
        <package name="com.parasoft.demoapp.config">
            <classes>
                <class filename="MultipartConfig.java"
                    name="com.parasoft.demoapp.config.MultipartConfig">
                    <lines>
                        <line number="17" hits="1"></line>
                        <line number="19" hits="1"></line>
                        <line number="38" hits="1"></line>
                        <line number="39" hits="0"></line>
                        <line number="42" hits="1"></line>
                        <line number="43" hits="1"></line>
                        <line number="44" hits="1"></line>
                        <line number="45" hits="1"></line>
                        <line number="50" hits="1"></line>
                        <line number="51" hits="0"></line>
                        <line number="52" hits="0"></line>
                        <line number="53" hits="0"></line>
                        <line number="54" hits="0"></line>
                        <line number="55" hits="1"></line>
                        <line number="57" hits="1"></line>
                        <line number="58" hits="1"></line>
                        <line number="59" hits="1"></line>
                        <line number="60" hits="1"></line>
                        <line number="62" hits="1"></line>
                        <line number="64" hits="1"></line>
                    </lines>
                </class>
                <class filename="OpenApiConfig.java"
                    name="com.parasoft.demoapp.config.OpenApiConfig">
                    <lines>
                        <line number="16" hits="1"></line>
                        <line number="17" hits="1"></line>
                        <line number="21" hits="1"></line>
                        <line number="26" hits="1"></line>
                        <line number="27" hits="1"></line>
                        <line number="28" hits="1"></line>
                        <line number="29" hits="1"></line>
                        <line number="30" hits="1"></line>
                        <line number="32" hits="1"></line>
                        <line number="34" hits="1"></line>
                        <line number="35" hits="1"></line>
                        <line number="36" hits="1"></line>
                        <line number="38" hits="1"></line>
                        <line number="40" hits="1"></line>
                        <line number="41" hits="1"></line>
                        <line number="42" hits="1"></line>
                        <line number="43" hits="1"></line>
                        <line number="44" hits="1"></line>
                        <line number="48" hits="1"></line>
                        <line number="49" hits="1"></line>
                        <line number="54" hits="1"></line>
                        <line number="55" hits="1"></line>
                        <line number="56" hits="1"></line>
                        <line number="57" hits="2"></line>
                        <line number="61" hits="0"></line>
                        <line number="62" hits="0"></line>
                        <line number="63" hits="0"></line>
                        <line number="66" hits="1"></line>
                        <line number="71" hits="1"></line>
                        <line number="72" hits="1"></line>
                        <line number="73" hits="1"></line>
                        <line number="74" hits="2"></line>
                        <line number="78" hits="0"></line>
                        <line number="79" hits="0"></line>
                        <line number="80" hits="0"></line>
                        <line number="83" hits="1"></line>
                    </lines>
                </class>
                <class filename="EmbeddedTomcatConfiguration.java"
                    name="com.parasoft.demoapp.config.EmbeddedTomcatConfiguration">
                    <lines>
                        <line number="10" hits="1"></line>
                        <line number="19" hits="2"></line>
                        <line number="22" hits="1"></line>
                        <line number="23" hits="1"></line>
                    </lines>
                </class>
                <class filename="ParasoftJDBCProxyConfig.java"
                    name="com.parasoft.demoapp.config.ParasoftJDBCProxyConfig">
                    <lines>
                        <line number="3" hits="0"></line>
                    </lines>
                </class>
                <class filename="RefreshableMessageListener.java"
                    name="com.parasoft.demoapp.config.RefreshableMessageListener">
                    <lines>
                        <line number="6" hits="1"></line>
                        <line number="8" hits="1"></line>
                    </lines>
                </class>
                <class filename="HyperSqlDbServerConfig.java"
                    name="com.parasoft.demoapp.config.HyperSqlDbServerConfig">
                    <lines>
                        <line number="19" hits="1"></line>
                        <line number="24" hits="2"></line>
                        <line number="29" hits="0"></line>
                        <line number="30" hits="0"></line>
                        <line number="31" hits="0"></line>
                        <line number="35" hits="1"></line>
                        <line number="36" hits="1"></line>
                        <line number="37" hits="1"></line>
                        <line number="40" hits="1"></line>
                        <line number="41" hits="1"></line>
                        <line number="44" hits="1"></line>
                        <line number="45" hits="1"></line>
                        <line number="46" hits="1"></line>
                        <line number="47" hits="1"></line>
                        <line number="48" hits="1"></line>
                        <line number="49" hits="1"></line>
                        <line number="51" hits="1"></line>
                        <line number="52" hits="1"></line>
                        <line number="56" hits="1"></line>
                        <line number="57" hits="1"></line>
                        <line number="59" hits="1"></line>
                        <line number="64" hits="1"></line>
                        <line number="65" hits="1"></line>
                        <line number="66" hits="1"></line>
                        <line number="67" hits="1"></line>
                        <line number="69" hits="1"></line>
                        <line number="70" hits="1"></line>
                        <line number="71" hits="1"></line>
                        <line number="72" hits="1"></line>
                        <line number="73" hits="1"></line>
                        <line number="74" hits="1"></line>
                        <line number="75" hits="1"></line>
                        <line number="76" hits="0"></line>
                        <line number="77" hits="0"></line>
                        <line number="78" hits="1"></line>
                        <line number="80" hits="1"></line>
                        <line number="84" hits="1"></line>
                        <line number="85" hits="1"></line>
                        <line number="86" hits="1"></line>
                        <line number="87" hits="1"></line>
                        <line number="89" hits="1"></line>
                        <line number="93" hits="1"></line>
                    </lines>
                </class>
                <class filename="WebConfig.java" name="com.parasoft.demoapp.config.WebConfig">
                    <lines>
                        <line number="21" hits="1"></line>
                        <line number="23" hits="1"></line>
                        <line number="41" hits="1"></line>
                        <line number="47" hits="1"></line>
                        <line number="48" hits="1"></line>
                        <line number="49" hits="0"></line>
                        <line number="53" hits="1"></line>
                        <line number="54" hits="1"></line>
                        <line number="55" hits="0"></line>
                        <line number="56" hits="0"></line>
                        <line number="57" hits="0"></line>
                        <line number="58" hits="0"></line>
                        <line number="59" hits="1"></line>
                        <line number="61" hits="1"></line>
                        <line number="62" hits="1"></line>
                        <line number="64" hits="1"></line>
                        <line number="66" hits="1"></line>
                        <line number="70" hits="1"></line>
                        <line number="71" hits="1"></line>
                        <line number="77" hits="1"></line>
                        <line number="80" hits="1"></line>
                        <line number="84" hits="1"></line>
                    </lines>
                </class>
                <class filename="ImplementedIndustries.java"
                    name="com.parasoft.demoapp.config.ImplementedIndustries">
                    <lines>
                        <line number="5" hits="0"></line>
                        <line number="12" hits="1"></line>
                        <line number="16" hits="3"></line>
                        <line number="17" hits="3"></line>
                        <line number="18" hits="2"></line>
                        <line number="22" hits="2"></line>
                    </lines>
                </class>
                <class filename="MQConfig.java" name="com.parasoft.demoapp.config.MQConfig">
                    <lines>
                        <line number="5" hits="0"></line>
                        <line number="11" hits="1"></line>
                    </lines>
                </class>
            </classes>
        </package>
        <package name="com.parasoft.demoapp.config.activemq">
            <classes>
                <class filename="ActiveMQRefreshableMessageListener.java"
                    name="com.parasoft.demoapp.config.activemq.ActiveMQRefreshableMessageListener">
                    <lines>
                        <line number="29" hits="1"></line>
                        <line number="30" hits="1"></line>
                        <line number="31" hits="1"></line>
                        <line number="32" hits="1"></line>
                        <line number="33" hits="1"></line>
                        <line number="35" hits="1"></line>
                        <line number="36" hits="1"></line>
                        <line number="38" hits="1"></line>
                        <line number="41" hits="1"></line>
                        <line number="42" hits="1"></line>
                        <line number="43" hits="1"></line>
                        <line number="44" hits="1"></line>
                        <line number="45" hits="1"></line>
                        <line number="46" hits="1"></line>
                        <line number="47" hits="1"></line>
                        <line number="48" hits="1"></line>
                        <line number="51" hits="1"></line>
                        <line number="53" hits="1"></line>
                        <line number="54" hits="1"></line>
                        <line number="55" hits="0"></line>
                        <line number="57" hits="1"></line>
                        <line number="60" hits="1"></line>
                        <line number="61" hits="1"></line>
                        <line number="66" hits="1"></line>
                        <line number="67" hits="1"></line>
                        <line number="68" hits="1"></line>
                        <line number="69" hits="1"></line>
                    </lines>
                </class>
                <class filename="ActiveMQConfig.java"
                    name="com.parasoft.demoapp.config.activemq.ActiveMQConfig">
                    <lines>
                        <line number="28" hits="1"></line>
                        <line number="29" hits="1"></line>
                        <line number="37" hits="1"></line>
                        <line number="38" hits="4"></line>
                        <line number="39" hits="4"></line>
                        <line number="40" hits="6"></line>
                        <line number="43" hits="0"></line>
                        <line number="46" hits="0"></line>
                        <line number="49" hits="0"></line>
                        <line number="52" hits="0"></line>
                        <line number="55" hits="1"></line>
                        <line number="58" hits="1"></line>
                        <line number="61" hits="1"></line>
                        <line number="65" hits="1"></line>
                        <line number="66" hits="1"></line>
                        <line number="67" hits="1"></line>
                        <line number="68" hits="1"></line>
                        <line number="75" hits="1"></line>
                        <line number="76" hits="1"></line>
                        <line number="77" hits="1"></line>
                        <line number="78" hits="1"></line>
                        <line number="79" hits="1"></line>
                        <line number="80" hits="1"></line>
                        <line number="87" hits="1"></line>
                        <line number="88" hits="1"></line>
                        <line number="89" hits="1"></line>
                        <line number="92" hits="1"></line>
                        <line number="93" hits="1"></line>
                        <line number="94" hits="1"></line>
                        <line number="97" hits="1"></line>
                        <line number="98" hits="1"></line>
                        <line number="99" hits="1"></line>
                        <line number="102" hits="1"></line>
                        <line number="103" hits="1"></line>
                        <line number="104" hits="1"></line>
                        <line number="106" hits="1"></line>
                    </lines>
                </class>
                <class filename="ActiveMQInventoryRequestQueueListener.java"
                    name="com.parasoft.demoapp.config.activemq.ActiveMQInventoryRequestQueueListener">
                    <lines>
                        <line number="19" hits="1"></line>
                        <line number="31" hits="1"></line>
                        <line number="32" hits="1"></line>
                        <line number="34" hits="1"></line>
                        <line number="35" hits="1"></line>
                        <line number="36" hits="1"></line>
                        <line number="41" hits="2"></line>
                        <line number="44" hits="2"></line>
                        <line number="45" hits="0"></line>
                        <line number="47" hits="2"></line>
                        <line number="49" hits="2"></line>
                        <line number="50" hits="2"></line>
                        <line number="51" hits="2"></line>
                        <line number="52" hits="1"></line>
                        <line number="53" hits="1"></line>
                        <line number="56" hits="2"></line>
                        <line number="57" hits="2"></line>
                        <line number="58" hits="2"></line>
                        <line number="59" hits="2"></line>
                        <line number="60" hits="2"></line>
                        <line number="62" hits="2"></line>
                        <line number="64" hits="2"></line>
                        <line number="65" hits="2"></line>
                        <line number="66" hits="0"></line>
                        <line number="67" hits="0"></line>
                        <line number="68" hits="0"></line>
                        <line number="69" hits="0"></line>
                        <line number="70" hits="2"></line>
                        <line number="71" hits="2"></line>
                    </lines>
                </class>
                <class filename="ActiveMQInventoryResponseQueueListener.java"
                    name="com.parasoft.demoapp.config.activemq.ActiveMQInventoryResponseQueueListener">
                    <lines>
                        <line number="19" hits="1"></line>
                        <line number="31" hits="1"></line>
                        <line number="32" hits="1"></line>
                        <line number="34" hits="1"></line>
                        <line number="35" hits="1"></line>
                        <line number="36" hits="1"></line>
                        <line number="41" hits="2"></line>
                        <line number="44" hits="2"></line>
                        <line number="45" hits="0"></line>
                        <line number="47" hits="2"></line>
                        <line number="49" hits="2"></line>
                        <line number="50" hits="2"></line>
                        <line number="51" hits="2"></line>
                        <line number="52" hits="1"></line>
                        <line number="53" hits="1"></line>
                        <line number="56" hits="1"></line>
                        <line number="57" hits="1"></line>
                        <line number="58" hits="1"></line>
                        <line number="59" hits="1"></line>
                        <line number="60" hits="1"></line>
                        <line number="62" hits="1"></line>
                        <line number="64" hits="1"></line>
                        <line number="65" hits="1"></line>
                        <line number="66" hits="0"></line>
                        <line number="67" hits="0"></line>
                        <line number="68" hits="0"></line>
                        <line number="69" hits="0"></line>
                        <line number="70" hits="1"></line>
                        <line number="71" hits="1"></line>
                    </lines>
                </class>
            </classes>
        </package>
        <package name="com.parasoft.demoapp">
            <classes>
                <class filename="DemoAppApplication.java"
                    name="com.parasoft.demoapp.DemoAppApplication">
                    <lines>
                        <line number="8" hits="1"></line>
                        <line number="11" hits="0"></line>
                        <line number="13" hits="0"></line>
                        <line number="14" hits="0"></line>
                        <line number="15" hits="0"></line>
                    </lines>
                </class>
                <class filename="ServletInitializer.java"
                    name="com.parasoft.demoapp.ServletInitializer">
                    <lines>
                        <line number="6" hits="0"></line>
                        <line number="10" hits="0"></line>
                    </lines>
                </class>
            </classes>
        </package>
        <package name="com.parasoft.demoapp.config.kafka">
            <classes>
                <class filename="KafkaConfig.java"
                    name="com.parasoft.demoapp.config.kafka.KafkaConfig">
                    <lines>
                        <line number="27" hits="1"></line>
                        <line number="34" hits="4"></line>
                        <line number="35" hits="4"></line>
                        <line number="38" hits="1"></line>
                        <line number="40" hits="1"></line>
                        <line number="43" hits="1"></line>
                        <line number="44" hits="1"></line>
                        <line number="46" hits="1"></line>
                        <line number="51" hits="1"></line>
                        <line number="52" hits="1"></line>
                        <line number="54" hits="1"></line>
                        <line number="56" hits="1"></line>
                        <line number="58" hits="1"></line>
                        <line number="59" hits="1"></line>
                        <line number="60" hits="1"></line>
                        <line number="65" hits="1"></line>
                        <line number="66" hits="1"></line>
                        <line number="68" hits="1"></line>
                        <line number="70" hits="1"></line>
                        <line number="72" hits="1"></line>
                        <line number="74" hits="1"></line>
                        <line number="75" hits="1"></line>
                        <line number="76" hits="1"></line>
                        <line number="81" hits="1"></line>
                        <line number="86" hits="1"></line>
                        <line number="88" hits="1"></line>
                        <line number="95" hits="1"></line>
                        <line number="100" hits="1"></line>
                        <line number="102" hits="1"></line>
                        <line number="109" hits="1"></line>
                        <line number="111" hits="1"></line>
                        <line number="112" hits="1"></line>
                        <line number="117" hits="1"></line>
                        <line number="119" hits="1"></line>
                        <line number="120" hits="1"></line>
                        <line number="125" hits="1"></line>
                        <line number="130" hits="1"></line>
                    </lines>
                </class>
                <class filename="KafkaInventoryRequestTopicListener.java"
                    name="com.parasoft.demoapp.config.kafka.KafkaInventoryRequestTopicListener">
                    <lines>
                        <line number="12" hits="1"></line>
                        <line number="22" hits="1"></line>
                        <line number="23" hits="1"></line>
                        <line number="24" hits="1"></line>
                        <line number="25" hits="1"></line>
                        <line number="29" hits="1"></line>
                        <line number="30" hits="1"></line>
                        <line number="32" hits="1"></line>
                        <line number="33" hits="0"></line>
                        <line number="34" hits="0"></line>
                        <line number="37" hits="1"></line>
                        <line number="38" hits="1"></line>
                    </lines>
                </class>
                <class filename="KafkaInventoryResponseTopicListener.java"
                    name="com.parasoft.demoapp.config.kafka.KafkaInventoryResponseTopicListener">
                    <lines>
                        <line number="12" hits="1"></line>
                        <line number="21" hits="1"></line>
                        <line number="22" hits="1"></line>
                        <line number="23" hits="1"></line>
                        <line number="24" hits="1"></line>
                        <line number="28" hits="1"></line>
                        <line number="29" hits="1"></line>
                        <line number="31" hits="1"></line>
                        <line number="32" hits="1"></line>
                        <line number="33" hits="1"></line>
                        <line number="36" hits="0"></line>
                        <line number="37" hits="0"></line>
                    </lines>
                </class>
                <class filename="KafkaRefreshableMessageListener.java"
                    name="com.parasoft.demoapp.config.kafka.KafkaRefreshableMessageListener">
                    <lines>
                        <line number="16" hits="1"></line>
                        <line number="17" hits="1"></line>
                        <line number="18" hits="1"></line>
                        <line number="19" hits="0"></line>
                        <line number="21" hits="1"></line>
                        <line number="24" hits="1"></line>
                        <line number="25" hits="1"></line>
                        <line number="26" hits="1"></line>
                        <line number="28" hits="1"></line>
                        <line number="29" hits="1"></line>
                        <line number="32" hits="1"></line>
                        <line number="34" hits="1"></line>
                        <line number="35" hits="1"></line>
                        <line number="36" hits="1"></line>
                        <line number="38" hits="0"></line>
                        <line number="40" hits="1"></line>
                        <line number="43" hits="1"></line>
                        <line number="44" hits="1"></line>
                        <line number="45" hits="1"></line>
                        <line number="46" hits="1"></line>
                    </lines>
                </class>
            </classes>
        </package>
        <package name="com.parasoft.demoapp.config.datasource">
            <classes>
                <class filename="DataSourceConfigurationProperties.java"
                    name="com.parasoft.demoapp.config.datasource.DataSourceConfigurationProperties">
                    <lines>
                        <line number="12" hits="0"></line>
                        <line number="14" hits="6"></line>
                        <line number="17" hits="1"></line>
                        <line number="20" hits="1"></line>
                        <line number="24" hits="6"></line>
                        <line number="27" hits="3"></line>
                        <line number="30" hits="1"></line>
                        <line number="31" hits="1"></line>
                        <line number="32" hits="1"></line>
                        <line number="36" hits="9"></line>
                        <line number="38" hits="1"></line>
                        <line number="39" hits="1"></line>
                        <line number="40" hits="1"></line>
                        <line number="41" hits="1"></line>
                        <line number="45" hits="1"></line>
                        <line number="46" hits="1"></line>
                        <line number="47" hits="1"></line>
                        <line number="48" hits="1"></line>
                        <line number="49" hits="1"></line>
                        <line number="50" hits="1"></line>
                        <line number="54" hits="1"></line>
                        <line number="58" hits="1"></line>
                    </lines>
                </class>
                <class filename="GlobalDataSourceConfig.java"
                    name="com.parasoft.demoapp.config.datasource.GlobalDataSourceConfig">
                    <lines>
                        <line number="27" hits="1"></line>
                        <line number="34" hits="1"></line>
                        <line number="40" hits="1"></line>
                        <line number="41" hits="1"></line>
                        <line number="42" hits="1"></line>
                        <line number="43" hits="1"></line>
                        <line number="44" hits="1"></line>
                        <line number="52" hits="1"></line>
                    </lines>
                </class>
                <class filename="IndustryDataSourceConfig.java"
                    name="com.parasoft.demoapp.config.datasource.IndustryDataSourceConfig">
                    <lines>
                        <line number="30" hits="1"></line>
                        <line number="39" hits="1"></line>
                        <line number="40" hits="1"></line>
                        <line number="42" hits="1"></line>
                        <line number="43" hits="1"></line>
                        <line number="45" hits="1"></line>
                        <line number="51" hits="1"></line>
                        <line number="52" hits="1"></line>
                        <line number="53" hits="1"></line>
                        <line number="54" hits="1"></line>
                        <line number="55" hits="1"></line>
                        <line number="62" hits="2"></line>
                        <line number="66" hits="1"></line>
                        <line number="67" hits="1"></line>
                        <line number="68" hits="1"></line>
                        <line number="69" hits="1"></line>
                        <line number="71" hits="0"></line>
                        <line number="73" hits="1"></line>
                        <line number="74" hits="1"></line>
                        <line number="79" hits="1"></line>
                    </lines>
                </class>
                <class filename="IndustryRoutingDataSource.java"
                    name="com.parasoft.demoapp.config.datasource.IndustryRoutingDataSource">
                    <lines>
                        <line number="16" hits="1"></line>
                        <line number="18" hits="1"></line>
                        <line number="19" hits="1"></line>
                        <line number="22" hits="1"></line>
                        <line number="24" hits="1"></line>
                        <line number="25" hits="1"></line>
                        <line number="26" hits="1"></line>
                        <line number="30" hits="2"></line>
                        <line number="31" hits="1"></line>
                        <line number="33" hits="2"></line>
                        <line number="40" hits="1"></line>
                        <line number="41" hits="1"></line>
                        <line number="42" hits="1"></line>
                        <line number="43" hits="1"></line>
                    </lines>
                </class>
            </classes>
        </package>
        <package name="com.parasoft.demoapp.config.rabbitmq">
            <classes>
                <class filename="RabbitMQConfig.java"
                    name="com.parasoft.demoapp.config.rabbitmq.RabbitMQConfig">
                    <lines>
                        <line number="19" hits="1"></line>
                        <line number="27" hits="4"></line>
                        <line number="28" hits="4"></line>
                        <line number="31" hits="1"></line>
                        <line number="33" hits="1"></line>
                        <line number="35" hits="1"></line>
                        <line number="37" hits="1"></line>
                        <line number="39" hits="1"></line>
                        <line number="43" hits="1"></line>
                        <line number="44" hits="1"></line>
                        <line number="45" hits="1"></line>
                        <line number="46" hits="1"></line>
                        <line number="47" hits="1"></line>
                        <line number="48" hits="1"></line>
                        <line number="53" hits="1"></line>
                        <line number="54" hits="1"></line>
                        <line number="55" hits="1"></line>
                        <line number="60" hits="1"></line>
                        <line number="65" hits="1"></line>
                        <line number="70" hits="1"></line>
                        <line number="75" hits="1"></line>
                        <line number="80" hits="1"></line>
                        <line number="85" hits="1"></line>
                        <line number="86" hits="1"></line>
                        <line number="87" hits="1"></line>
                        <line number="88" hits="1"></line>
                        <line number="89" hits="1"></line>
                        <line number="94" hits="1"></line>
                        <line number="95" hits="1"></line>
                        <line number="96" hits="1"></line>
                        <line number="97" hits="1"></line>
                        <line number="102" hits="1"></line>
                        <line number="107" hits="1"></line>
                        <line number="111" hits="0"></line>
                        <line number="112" hits="0"></line>
                        <line number="113" hits="0"></line>
                        <line number="114" hits="0"></line>
                        <line number="115" hits="0"></line>
                        <line number="116" hits="0"></line>
                        <line number="117" hits="0"></line>
                        <line number="118" hits="0"></line>
                        <line number="119" hits="0"></line>
                        <line number="120" hits="0"></line>
                        <line number="123" hits="0"></line>
                        <line number="124" hits="0"></line>
                        <line number="125" hits="0"></line>
                    </lines>
                </class>
                <class filename="RabbitMQInventoryRequestQueueListener.java"
                    name="com.parasoft.demoapp.config.rabbitmq.RabbitMQInventoryRequestQueueListener">
                    <lines>
                        <line number="16" hits="1"></line>
                        <line number="28" hits="1"></line>
                        <line number="31" hits="1"></line>
                        <line number="32" hits="1"></line>
                        <line number="33" hits="1"></line>
                        <line number="34" hits="1"></line>
                        <line number="38" hits="2"></line>
                        <line number="39" hits="2"></line>
                        <line number="41" hits="2"></line>
                        <line number="43" hits="2"></line>
                        <line number="45" hits="2"></line>
                        <line number="46" hits="1"></line>
                        <line number="47" hits="1"></line>
                        <line number="50" hits="1"></line>
                        <line number="51" hits="1"></line>
                        <line number="52" hits="0"></line>
                        <line number="54" hits="1"></line>
                        <line number="56" hits="1"></line>
                    </lines>
                </class>
                <class filename="RabbitMQInventoryResponseQueueListener.java"
                    name="com.parasoft.demoapp.config.rabbitmq.RabbitMQInventoryResponseQueueListener">
                    <lines>
                        <line number="16" hits="1"></line>
                        <line number="28" hits="1"></line>
                        <line number="29" hits="1"></line>
                        <line number="31" hits="1"></line>
                        <line number="32" hits="1"></line>
                        <line number="33" hits="1"></line>
                        <line number="34" hits="1"></line>
                        <line number="38" hits="2"></line>
                        <line number="39" hits="2"></line>
                        <line number="41" hits="2"></line>
                        <line number="43" hits="2"></line>
                        <line number="45" hits="2"></line>
                        <line number="46" hits="1"></line>
                        <line number="47" hits="1"></line>
                        <line number="50" hits="1"></line>
                        <line number="51" hits="1"></line>
                        <line number="52" hits="0"></line>
                        <line number="54" hits="1"></line>
                        <line number="56" hits="1"></line>
                    </lines>
                </class>
                <class filename="RabbitMQRefreshableMessageListener.java"
                    name="com.parasoft.demoapp.config.rabbitmq.RabbitMQRefreshableMessageListener">
                    <lines>
                        <line number="21" hits="1"></line>
                        <line number="22" hits="1"></line>
                        <line number="24" hits="1"></line>
                        <line number="25" hits="0"></line>
                        <line number="27" hits="1"></line>
                        <line number="30" hits="1"></line>
                        <line number="31" hits="1"></line>
                        <line number="32" hits="1"></line>
                        <line number="33" hits="1"></line>
                        <line number="34" hits="1"></line>
                        <line number="35" hits="1"></line>
                        <line number="36" hits="1"></line>
                        <line number="37" hits="1"></line>
                        <line number="38" hits="1"></line>
                        <line number="42" hits="2"></line>
                        <line number="44" hits="2"></line>
                        <line number="45" hits="2"></line>
                        <line number="46" hits="1"></line>
                        <line number="48" hits="1"></line>
                        <line number="50" hits="2"></line>
                        <line number="54" hits="2"></line>
                        <line number="55" hits="1"></line>
                        <line number="56" hits="1"></line>
                        <line number="57" hits="2"></line>
                    </lines>
                </class>
            </classes>
        </package>
        <package name="com.parasoft.demoapp.config.endpoint">
            <classes>
                <class filename="CustomRouteLocator.java"
                    name="com.parasoft.demoapp.config.endpoint.CustomRouteLocator">
                    <lines>
                        <line number="19" hits="1"></line>
                        <line number="32" hits="1"></line>
                        <line number="33" hits="1"></line>
                        <line number="34" hits="1"></line>
                        <line number="35" hits="1"></line>
                        <line number="36" hits="1"></line>
                        <line number="40" hits="1"></line>
                        <line number="41" hits="1"></line>
                        <line number="42" hits="1"></line>
                        <line number="43" hits="1"></line>
                        <line number="44" hits="1"></line>
                        <line number="45" hits="1"></line>
                        <line number="49" hits="2"></line>
                        <line number="50" hits="2"></line>
                        <line number="52" hits="2"></line>
                        <line number="53" hits="2"></line>
                        <line number="54" hits="2"></line>
                        <line number="56" hits="2"></line>
                        <line number="57" hits="1"></line>
                        <line number="59" hits="2"></line>
                        <line number="60" hits="2"></line>
                        <line number="62" hits="2"></line>
                        <line number="63" hits="2"></line>
                        <line number="64" hits="2"></line>
                        <line number="65" hits="2"></line>
                        <line number="66" hits="2"></line>
                        <line number="67" hits="2"></line>
                        <line number="68" hits="2"></line>
                        <line number="69" hits="2"></line>
                        <line number="71" hits="2"></line>
                        <line number="74" hits="0"></line>
                        <line number="77" hits="6"></line>
                        <line number="79" hits="6"></line>
                        <line number="80" hits="6"></line>
                        <line number="81" hits="4"></line>
                        <line number="82" hits="1"></line>
                        <line number="84" hits="4"></line>
                        <line number="85" hits="1"></line>
                        <line number="87" hits="4"></line>
                        <line number="89" hits="4"></line>
                        <line number="90" hits="4"></line>
                        <line number="93" hits="6"></line>
                        <line number="94" hits="6"></line>
                        <line number="95" hits="2"></line>
                        <line number="96" hits="2"></line>
                        <line number="99" hits="2"></line>
                        <line number="102" hits="6"></line>
                        <line number="108" hits="4"></line>
                        <line number="109" hits="2"></line>
                        <line number="110" hits="2"></line>
                        <line number="113" hits="4"></line>
                        <line number="114" hits="2"></line>
                        <line number="115" hits="2"></line>
                        <line number="118" hits="4"></line>
                        <line number="119" hits="2"></line>
                        <line number="120" hits="2"></line>
                        <line number="123" hits="4"></line>
                        <line number="124" hits="2"></line>
                        <line number="125" hits="2"></line>
                        <line number="128" hits="4"></line>
                        <line number="129" hits="2"></line>
                        <line number="130" hits="2"></line>
                        <line number="133" hits="4"></line>
                        <line number="134" hits="2"></line>
                        <line number="135" hits="2"></line>
                        <line number="138" hits="2"></line>
                        <line number="139" hits="2"></line>
                        <line number="141" hits="4"></line>
                    </lines>
                </class>
                <class filename="ZuulConfig.java"
                    name="com.parasoft.demoapp.config.endpoint.ZuulConfig">
                    <lines>
                        <line number="14" hits="1"></line>
                        <line number="22" hits="1"></line>
                    </lines>
                </class>
            </classes>
        </package>
        <package name="com.parasoft.demoapp.config.interceptor">
            <classes>
                <class filename="ParasoftJDBCProxyValidateInterceptor.java"
                    name="com.parasoft.demoapp.config.interceptor.ParasoftJDBCProxyValidateInterceptor">
                    <lines>
                        <line number="19" hits="1"></line>
                        <line number="29" hits="4"></line>
                        <line number="30" hits="4"></line>
                        <line number="33" hits="4"></line>
                        <line number="34" hits="2"></line>
                        <line number="36" hits="1"></line>
                        <line number="37" hits="1"></line>
                        <line number="38" hits="1"></line>
                        <line number="39" hits="1"></line>
                        <line number="40" hits="3"></line>
                        <line number="42" hits="4"></line>
                        <line number="43" hits="1"></line>
                        <line number="45" hits="1"></line>
                        <line number="47" hits="3"></line>
                        <line number="48" hits="3"></line>
                        <line number="49" hits="2"></line>
                        <line number="53" hits="3"></line>
                        <line number="58" hits="1"></line>
                        <line number="59" hits="1"></line>
                        <line number="61" hits="1"></line>
                    </lines>
                </class>
            </classes>
        </package>
        <package name="com.parasoft.demoapp.controller">
            <classes>
                <class filename="ImageController.java"
                    name="com.parasoft.demoapp.controller.ImageController">
                    <lines>
                        <line number="23" hits="1"></line>
                        <line number="39" hits="2"></line>
                        <line number="42" hits="1"></line>
                        <line number="44" hits="1"></line>
                        <line number="59" hits="2"></line>
                        <line number="62" hits="1"></line>
                        <line number="64" hits="1"></line>
                    </lines>
                </class>
                <class filename="PageController.java"
                    name="com.parasoft.demoapp.controller.PageController">
                    <lines>
                        <line number="18" hits="1"></line>
                        <line number="20" hits="1"></line>
                        <line number="33" hits="4"></line>
                        <line number="36" hits="3"></line>
                        <line number="37" hits="3"></line>
                        <line number="38" hits="1"></line>
                        <line number="39" hits="1"></line>
                        <line number="40" hits="1"></line>
                        <line number="41" hits="3"></line>
                        <line number="43" hits="3"></line>
                        <line number="44" hits="1"></line>
                        <line number="45" hits="2"></line>
                        <line number="46" hits="1"></line>
                        <line number="49" hits="1"></line>
                        <line number="51" hits="1"></line>
                        <line number="58" hits="1"></line>
                        <line number="59" hits="1"></line>
                        <line number="60" hits="1"></line>
                        <line number="61" hits="1"></line>
                        <line number="62" hits="1"></line>
                        <line number="63" hits="1"></line>
                        <line number="65" hits="1"></line>
                        <line number="72" hits="2"></line>
                        <line number="73" hits="2"></line>
                        <line number="74" hits="2"></line>
                        <line number="75" hits="1"></line>
                        <line number="77" hits="1"></line>
                        <line number="78" hits="1"></line>
                        <line number="79" hits="1"></line>
                        <line number="80" hits="1"></line>
                        <line number="82" hits="1"></line>
                        <line number="89" hits="2"></line>
                        <line number="90" hits="2"></line>
                        <line number="91" hits="2"></line>
                        <line number="92" hits="1"></line>
                        <line number="94" hits="1"></line>
                        <line number="95" hits="1"></line>
                        <line number="96" hits="1"></line>
                        <line number="97" hits="1"></line>
                        <line number="99" hits="1"></line>
                        <line number="106" hits="1"></line>
                        <line number="107" hits="1"></line>
                        <line number="108" hits="1"></line>
                        <line number="109" hits="1"></line>
                        <line number="110" hits="1"></line>
                        <line number="111" hits="1"></line>
                        <line number="113" hits="1"></line>
                        <line number="120" hits="1"></line>
                        <line number="121" hits="1"></line>
                        <line number="123" hits="1"></line>
                        <line number="124" hits="1"></line>
                        <line number="125" hits="1"></line>
                        <line number="126" hits="1"></line>
                        <line number="128" hits="1"></line>
                        <line number="134" hits="0"></line>
                        <line number="135" hits="0"></line>
                        <line number="136" hits="0"></line>
                        <line number="137" hits="0"></line>
                        <line number="138" hits="0"></line>
                        <line number="139" hits="0"></line>
                        <line number="145" hits="0"></line>
                        <line number="146" hits="0"></line>
                        <line number="147" hits="0"></line>
                        <line number="148" hits="0"></line>
                        <line number="149" hits="0"></line>
                        <line number="150" hits="0"></line>
                    </lines>
                </class>
                <class filename="ItemController.java"
                    name="com.parasoft.demoapp.controller.ItemController">
                    <lines>
                        <line number="34" hits="1"></line>
                        <line number="48" hits="2"></line>
                        <line number="51" hits="2"></line>
                        <line number="52" hits="1"></line>
                        <line number="54" hits="1"></line>
                        <line number="56" hits="1"></line>
                        <line number="70" hits="2"></line>
                        <line number="73" hits="1"></line>
                        <line number="75" hits="1"></line>
                        <line number="89" hits="2"></line>
                        <line number="92" hits="1"></line>
                        <line number="94" hits="1"></line>
                        <line number="112" hits="2"></line>
                        <line number="115" hits="2"></line>
                        <line number="116" hits="2"></line>
                        <line number="118" hits="1"></line>
                        <line number="135" hits="2"></line>
                        <line number="138" hits="2"></line>
                        <line number="139" hits="2"></line>
                        <line number="141" hits="1"></line>
                        <line number="156" hits="2"></line>
                        <line number="157" hits="2"></line>
                        <line number="159" hits="1"></line>
                        <line number="161" hits="1"></line>
                        <line number="177" hits="2"></line>
                        <line number="179" hits="1"></line>
                        <line number="180" hits="1"></line>
                        <line number="182" hits="1"></line>
                        <line number="198" hits="2"></line>
                        <line number="201" hits="1"></line>
                        <line number="202" hits="1"></line>
                        <line number="204" hits="1"></line>
                    </lines>
                </class>
                <class filename="PageInfo.java" name="com.parasoft.demoapp.controller.PageInfo">
                    <lines>
                        <line number="11" hits="11"></line>
                        <line number="12" hits="1"></line>
                        <line number="16" hits="1"></line>
                        <line number="18" hits="1"></line>
                        <line number="20" hits="1"></line>
                        <line number="22" hits="1"></line>
                        <line number="24" hits="1"></line>
                        <line number="26" hits="1"></line>
                        <line number="28" hits="1"></line>
                        <line number="30" hits="1"></line>
                        <line number="31" hits="1"></line>
                        <line number="32" hits="1"></line>
                        <line number="33" hits="1"></line>
                        <line number="34" hits="1"></line>
                        <line number="35" hits="1"></line>
                        <line number="36" hits="1"></line>
                        <line number="37" hits="1"></line>
                        <line number="38" hits="1"></line>
                    </lines>
                </class>
                <class filename="LabelController.java"
                    name="com.parasoft.demoapp.controller.LabelController">
                    <lines>
                        <line number="29" hits="1"></line>
                        <line number="51" hits="2"></line>
                        <line number="54" hits="1"></line>
                        <line number="56" hits="1"></line>
                        <line number="57" hits="1"></line>
                        <line number="59" hits="1"></line>
                        <line number="60" hits="1"></line>
                        <line number="62" hits="1"></line>
                        <line number="64" hits="1"></line>
                        <line number="74" hits="2"></line>
                        <line number="77" hits="2"></line>
                        <line number="78" hits="2"></line>
                        <line number="79" hits="1"></line>
                        <line number="81" hits="1"></line>
                        <line number="83" hits="1"></line>
                        <line number="85" hits="1"></line>
                        <line number="95" hits="2"></line>
                        <line number="98" hits="2"></line>
                        <line number="99" hits="2"></line>
                        <line number="100" hits="1"></line>
                        <line number="102" hits="1"></line>
                        <line number="104" hits="1"></line>
                    </lines>
                </class>
                <class filename="ParasoftJDBCProxyController.java"
                    name="com.parasoft.demoapp.controller.ParasoftJDBCProxyController">
                    <lines>
                        <line number="14" hits="1"></line>
                        <line number="20" hits="1"></line>
                        <line number="21" hits="1"></line>
                        <line number="23" hits="1"></line>
                        <line number="24" hits="1"></line>
                        <line number="26" hits="1"></line>
                        <line number="30" hits="1"></line>
                        <line number="32" hits="1"></line>
                    </lines>
                </class>
                <class filename="ActiveMQController.java"
                    name="com.parasoft.demoapp.controller.ActiveMQController">
                    <lines>
                        <line number="14" hits="1"></line>
                        <line number="21" hits="0"></line>
                        <line number="22" hits="0"></line>
                        <line number="24" hits="0"></line>
                        <line number="25" hits="0"></line>
                    </lines>
                </class>
                <class filename="LocalizationController.java"
                    name="com.parasoft.demoapp.controller.LocalizationController">
                    <lines>
                        <line number="18" hits="1"></line>
                        <line number="27" hits="2"></line>
                        <line number="28" hits="2"></line>
                        <line number="30" hits="1"></line>
                        <line number="31" hits="1"></line>
                        <line number="33" hits="1"></line>
                        <line number="42" hits="2"></line>
                        <line number="43" hits="2"></line>
                        <line number="45" hits="1"></line>
                        <line number="46" hits="1"></line>
                        <line number="48" hits="1"></line>
                    </lines>
                </class>
                <class filename="ResponseResult.java"
                    name="com.parasoft.demoapp.controller.ResponseResult">
                    <lines>
                        <line number="23" hits="1"></line>
                        <line number="24" hits="1"></line>
                        <line number="26" hits="1"></line>
                        <line number="27" hits="1"></line>
                        <line number="28" hits="1"></line>
                        <line number="31" hits="1"></line>
                        <line number="32" hits="1"></line>
                        <line number="33" hits="1"></line>
                        <line number="36" hits="1"></line>
                        <line number="37" hits="1"></line>
                        <line number="38" hits="1"></line>
                        <line number="41" hits="0"></line>
                        <line number="42" hits="0"></line>
                        <line number="45" hits="0"></line>
                        <line number="49" hits="1"></line>
                        <line number="53" hits="1"></line>
                        <line number="57" hits="0"></line>
                        <line number="61" hits="1"></line>
                        <line number="65" hits="1"></line>
                        <line number="66" hits="1"></line>
                        <line number="69" hits="1"></line>
                        <line number="73" hits="1"></line>
                        <line number="74" hits="1"></line>
                        <line number="77" hits="1"></line>
                        <line number="81" hits="1"></line>
                        <line number="82" hits="1"></line>
                    </lines>
                </class>
                <class filename="BuildInfoController.java"
                    name="com.parasoft.demoapp.controller.BuildInfoController">
                    <lines>
                        <line number="15" hits="1"></line>
                        <line number="22" hits="1"></line>
                        <line number="23" hits="1"></line>
                        <line number="25" hits="1"></line>
                        <line number="26" hits="1"></line>
                    </lines>
                </class>
                <class filename="LocationController.java"
                    name="com.parasoft.demoapp.controller.LocationController">
                    <lines>
                        <line number="25" hits="1"></line>
                        <line number="42" hits="2"></line>
                        <line number="45" hits="1"></line>
                        <line number="47" hits="1"></line>
                        <line number="63" hits="2"></line>
                        <line number="66" hits="1"></line>
                        <line number="68" hits="1"></line>
                    </lines>
                </class>
                <class filename="CategoryController.java"
                    name="com.parasoft.demoapp.controller.CategoryController">
                    <lines>
                        <line number="27" hits="1"></line>
                        <line number="43" hits="2"></line>
                        <line number="44" hits="2"></line>
                        <line number="46" hits="1"></line>
                        <line number="48" hits="1"></line>
                        <line number="62" hits="2"></line>
                        <line number="63" hits="2"></line>
                        <line number="65" hits="1"></line>
                        <line number="67" hits="1"></line>
                        <line number="79" hits="2"></line>
                        <line number="80" hits="2"></line>
                        <line number="82" hits="2"></line>
                        <line number="83" hits="1"></line>
                        <line number="85" hits="1"></line>
                        <line number="87" hits="1"></line>
                        <line number="102" hits="2"></line>
                        <line number="103" hits="2"></line>
                        <line number="105" hits="2"></line>
                        <line number="106" hits="2"></line>
                        <line number="108" hits="1"></line>
                        <line number="126" hits="2"></line>
                        <line number="127" hits="2"></line>
                        <line number="129" hits="2"></line>
                        <line number="130" hits="2"></line>
                        <line number="132" hits="1"></line>
                        <line number="149" hits="2"></line>
                        <line number="150" hits="2"></line>
                        <line number="152" hits="1"></line>
                        <line number="154" hits="1"></line>
                        <line number="156" hits="1"></line>
                    </lines>
                </class>
                <class filename="LoginController.java"
                    name="com.parasoft.demoapp.controller.LoginController">
                    <lines>
                        <line number="15" hits="1"></line>
                        <line number="17" hits="1"></line>
                        <line number="29" hits="2"></line>
                        <line number="30" hits="2"></line>
                        <line number="31" hits="1"></line>
                        <line number="32" hits="1"></line>
                        <line number="33" hits="1"></line>
                        <line number="34" hits="2"></line>
                        <line number="36" hits="2"></line>
                        <line number="37" hits="1"></line>
                        <line number="40" hits="1"></line>
                        <line number="46" hits="0"></line>
                        <line number="47" hits="0"></line>
                        <line number="48" hits="0"></line>
                        <line number="49" hits="0"></line>
                        <line number="50" hits="0"></line>
                        <line number="52" hits="0"></line>
                        <line number="53" hits="0"></line>
                        <line number="54" hits="0"></line>
                        <line number="55" hits="0"></line>
                        <line number="56" hits="0"></line>
                        <line number="57" hits="0"></line>
                    </lines>
                </class>
                <class filename="OrderController.java"
                    name="com.parasoft.demoapp.controller.OrderController">
                    <lines>
                        <line number="33" hits="1"></line>
                        <line number="59" hits="2"></line>
                        <line number="60" hits="2"></line>
                        <line number="62" hits="2"></line>
                        <line number="63" hits="2"></line>
                        <line number="64" hits="2"></line>
                        <line number="65" hits="2"></line>
                        <line number="66" hits="1"></line>
                        <line number="68" hits="1"></line>
                        <line number="85" hits="2"></line>
                        <line number="86" hits="2"></line>
                        <line number="88" hits="1"></line>
                        <line number="89" hits="1"></line>
                        <line number="91" hits="1"></line>
                        <line number="93" hits="1"></line>
                        <line number="112" hits="2"></line>
                        <line number="113" hits="2"></line>
                        <line number="115" hits="2"></line>
                        <line number="116" hits="2"></line>
[...]
                        <line number="77" hits="1"></line>
                        <line number="79" hits="1"></line>
                        <line number="81" hits="1"></line>
                        <line number="83" hits="1"></line>
                        <line number="85" hits="1"></line>
                        <line number="87" hits="1"></line>
                        <line number="89" hits="1"></line>
                        <line number="91" hits="1"></line>
                        <line number="93" hits="1"></line>
                        <line number="95" hits="1"></line>
                        <line number="98" hits="1"></line>
                        <line number="99" hits="1"></line>
                        <line number="100" hits="1"></line>
                        <line number="101" hits="1"></line>
                        <line number="102" hits="1"></line>
                        <line number="103" hits="1"></line>
                        <line number="104" hits="1"></line>
                        <line number="105" hits="1"></line>
                        <line number="108" hits="1"></line>
                        <line number="110" hits="1"></line>
                        <line number="111" hits="1"></line>
                        <line number="112" hits="1"></line>
                        <line number="113" hits="1"></line>
                        <line number="114" hits="1"></line>
                        <line number="115" hits="1"></line>
                        <line number="116" hits="1"></line>
                        <line number="117" hits="1"></line>
                        <line number="118" hits="1"></line>
                        <line number="119" hits="1"></line>
                        <line number="120" hits="1"></line>
                        <line number="121" hits="1"></line>
                        <line number="122" hits="1"></line>
                        <line number="123" hits="1"></line>
                        <line number="124" hits="1"></line>
                        <line number="125" hits="1"></line>
                        <line number="126" hits="1"></line>
                        <line number="128" hits="1"></line>
                    </lines>
                </class>
                <class filename="OrderItemEntity.java"
                    name="com.parasoft.demoapp.model.industry.OrderItemEntity">
                    <lines>
                        <line number="8" hits="7"></line>
                        <line number="12" hits="1"></line>
                        <line number="13" hits="0"></line>
                        <line number="14" hits="0"></line>
                        <line number="18" hits="1"></line>
                        <line number="20" hits="1"></line>
                        <line number="22" hits="1"></line>
                        <line number="24" hits="1"></line>
                        <line number="29" hits="0"></line>
                        <line number="32" hits="1"></line>
                        <line number="34" hits="1"></line>
                        <line number="36" hits="1"></line>
                        <line number="37" hits="1"></line>
                        <line number="38" hits="1"></line>
                        <line number="39" hits="1"></line>
                        <line number="40" hits="1"></line>
                        <line number="41" hits="1"></line>
                    </lines>
                </class>
                <class filename="OrderStatus.java"
                    name="com.parasoft.demoapp.model.industry.OrderStatus">
                    <lines>
                        <line number="3" hits="2"></line>
                        <line number="5" hits="1"></line>
                        <line number="6" hits="1"></line>
                        <line number="7" hits="1"></line>
                        <line number="8" hits="1"></line>
                        <line number="9" hits="1"></line>
                        <line number="15" hits="1"></line>
                        <line number="16" hits="1"></line>
                        <line number="17" hits="1"></line>
                        <line number="18" hits="1"></line>
                        <line number="21" hits="1"></line>
                        <line number="25" hits="1"></line>
                    </lines>
                </class>
                <class filename="RegionType.java"
                    name="com.parasoft.demoapp.model.industry.RegionType">
                    <lines>
                        <line number="8" hits="2"></line>
                        <line number="10" hits="1"></line>
                        <line number="11" hits="1"></line>
                        <line number="12" hits="1"></line>
                        <line number="13" hits="1"></line>
                        <line number="14" hits="1"></line>
                        <line number="15" hits="1"></line>
                        <line number="16" hits="1"></line>
                        <line number="17" hits="1"></line>
                        <line number="18" hits="1"></line>
                        <line number="19" hits="1"></line>
                        <line number="20" hits="1"></line>
                        <line number="21" hits="1"></line>
                        <line number="22" hits="1"></line>
                        <line number="23" hits="1"></line>
                        <line number="24" hits="1"></line>
                        <line number="25" hits="1"></line>
                        <line number="26" hits="1"></line>
                        <line number="27" hits="1"></line>
                        <line number="28" hits="1"></line>
                        <line number="29" hits="1"></line>
                        <line number="30" hits="1"></line>
                        <line number="31" hits="1"></line>
                        <line number="32" hits="1"></line>
                        <line number="33" hits="1"></line>
                        <line number="39" hits="1"></line>
                        <line number="40" hits="1"></line>
                        <line number="41" hits="1"></line>
                        <line number="42" hits="1"></line>
                        <line number="45" hits="0"></line>
                        <line number="46" hits="0"></line>
                        <line number="49" hits="0"></line>
                        <line number="50" hits="0"></line>
                        <line number="53" hits="1"></line>
                        <line number="57" hits="1"></line>
                        <line number="61" hits="1"></line>
                        <line number="62" hits="1"></line>
                        <line number="63" hits="1"></line>
                        <line number="64" hits="1"></line>
                        <line number="67" hits="1"></line>
                        <line number="71" hits="1"></line>
                    </lines>
                </class>
                <class filename="CartItemEntity.java"
                    name="com.parasoft.demoapp.model.industry.CartItemEntity">
                    <lines>
                        <line number="10" hits="1"></line>
                        <line number="11" hits="0"></line>
                        <line number="12" hits="1"></line>
                        <line number="16" hits="1"></line>
                        <line number="18" hits="1"></line>
                        <line number="20" hits="1"></line>
                        <line number="22" hits="1"></line>
                        <line number="24" hits="1"></line>
                        <line number="26" hits="1"></line>
                        <line number="27" hits="1"></line>
                        <line number="29" hits="1"></line>
                        <line number="30" hits="1"></line>
                        <line number="32" hits="1"></line>
                        <line number="33" hits="1"></line>
                        <line number="35" hits="1"></line>
                        <line number="37" hits="1"></line>
                        <line number="39" hits="1"></line>
                        <line number="40" hits="1"></line>
                        <line number="42" hits="1"></line>
                        <line number="43" hits="1"></line>
                        <line number="44" hits="1"></line>
                        <line number="45" hits="1"></line>
                        <line number="46" hits="1"></line>
                        <line number="47" hits="1"></line>
                        <line number="48" hits="1"></line>
                        <line number="49" hits="1"></line>
                    </lines>
                </class>
                <class filename="CategoryEntity.java"
                    name="com.parasoft.demoapp.model.industry.CategoryEntity">
                    <lines>
                        <line number="10" hits="1"></line>
                        <line number="11" hits="0"></line>
                        <line number="12" hits="0"></line>
                        <line number="16" hits="1"></line>
                        <line number="18" hits="1"></line>
                        <line number="19" hits="1"></line>
                        <line number="21" hits="1"></line>
                        <line number="22" hits="1"></line>
                        <line number="24" hits="1"></line>
                        <line number="25" hits="1"></line>
                        <line number="27" hits="1"></line>
                        <line number="28" hits="1"></line>
                        <line number="29" hits="1"></line>
                        <line number="30" hits="1"></line>
                        <line number="31" hits="1"></line>
                    </lines>
                </class>
                <class filename="ItemEntity.java"
                    name="com.parasoft.demoapp.model.industry.ItemEntity">
                    <lines>
                        <line number="12" hits="1"></line>
                        <line number="13" hits="0"></line>
                        <line number="14" hits="0"></line>
                        <line number="17" hits="1"></line>
                        <line number="19" hits="1"></line>
                        <line number="21" hits="1"></line>
                        <line number="22" hits="1"></line>
                        <line number="24" hits="1"></line>
                        <line number="25" hits="1"></line>
                        <line number="27" hits="1"></line>
                        <line number="29" hits="1"></line>
                        <line number="31" hits="1"></line>
                        <line number="32" hits="1"></line>
                        <line number="34" hits="1"></line>
                        <line number="36" hits="1"></line>
                        <line number="38" hits="1"></line>
                        <line number="40" hits="1"></line>
                        <line number="42" hits="1"></line>
                        <line number="44" hits="1"></line>
                        <line number="47" hits="1"></line>
                        <line number="48" hits="1"></line>
                        <line number="49" hits="1"></line>
                        <line number="50" hits="1"></line>
                        <line number="51" hits="1"></line>
                        <line number="52" hits="1"></line>
                        <line number="53" hits="1"></line>
                        <line number="54" hits="1"></line>
                        <line number="55" hits="1"></line>
                        <line number="57" hits="1"></line>
                        <line number="58" hits="1"></line>
                        <line number="59" hits="1"></line>
                        <line number="60" hits="1"></line>
                        <line number="61" hits="1"></line>
                        <line number="62" hits="1"></line>
                        <line number="63" hits="1"></line>
                        <line number="64" hits="1"></line>
                    </lines>
                </class>
            </classes>
        </package>
        <package name="com.parasoft.demoapp.util">
            <classes>
                <class filename="PropertiesMapUtil.java"
                    name="com.parasoft.demoapp.util.PropertiesMapUtil">
                    <lines>
                        <line number="5" hits="0"></line>
                        <line number="8" hits="3"></line>
                        <line number="9" hits="1"></line>
                        <line number="12" hits="2"></line>
                        <line number="14" hits="2"></line>
                        <line number="15" hits="2"></line>
                        <line number="17" hits="2"></line>
                        <line number="18" hits="1"></line>
                        <line number="19" hits="1"></line>
                        <line number="21" hits="2"></line>
                    </lines>
                </class>
                <class filename="RouteIdSortOfRestEndpoint.java"
                    name="com.parasoft.demoapp.util.RouteIdSortOfRestEndpoint">
                    <lines>
                        <line number="7" hits="1"></line>
                        <line number="12" hits="1"></line>
                    </lines>
                </class>
                <class filename="SqlStringEscapeUtil.java"
                    name="com.parasoft.demoapp.util.SqlStringEscapeUtil">
                    <lines>
                        <line number="3" hits="0"></line>
                        <line number="8" hits="1"></line>
                        <line number="9" hits="1"></line>
                        <line number="10" hits="1"></line>
                        <line number="11" hits="1"></line>
                    </lines>
                </class>
                <class filename="UrlUtil.java" name="com.parasoft.demoapp.util.UrlUtil">
                    <lines>
                        <line number="10" hits="0"></line>
                        <line number="25" hits="2"></line>
                        <line number="26" hits="2"></line>
                        <line number="27" hits="2"></line>
                        <line number="28" hits="2"></line>
                        <line number="29" hits="1"></line>
                        <line number="30" hits="1"></line>
                        <line number="34" hits="2"></line>
                        <line number="35" hits="1"></line>
                        <line number="38" hits="2"></line>
                        <line number="39" hits="2"></line>
                        <line number="41" hits="2"></line>
                        <line number="51" hits="1"></line>
                        <line number="52" hits="1"></line>
                    </lines>
                </class>
                <class filename="AuthenticationUtil.java"
                    name="com.parasoft.demoapp.util.AuthenticationUtil">
                    <lines>
                        <line number="7" hits="0"></line>
                        <line number="15" hits="3"></line>
                        <line number="16" hits="1"></line>
                        <line number="19" hits="2"></line>
                        <line number="21" hits="2"></line>
                        <line number="22" hits="1"></line>
                        <line number="23" hits="1"></line>
                        <line number="24" hits="0"></line>
                        <line number="27" hits="1"></line>
                        <line number="36" hits="3"></line>
                        <line number="37" hits="1"></line>
                        <line number="40" hits="2"></line>
                        <line number="42" hits="2"></line>
                        <line number="43" hits="1"></line>
                        <line number="44" hits="1"></line>
                        <line number="45" hits="0"></line>
                        <line number="48" hits="1"></line>
                        <line number="57" hits="3"></line>
                        <line number="58" hits="1"></line>
                        <line number="61" hits="2"></line>
                        <line number="63" hits="2"></line>
                        <line number="64" hits="1"></line>
                        <line number="65" hits="1"></line>
                        <line number="66" hits="0"></line>
                        <line number="69" hits="1"></line>
                    </lines>
                </class>
                <class filename="BugsTypeSortOfDemoBugs.java"
                    name="com.parasoft.demoapp.util.BugsTypeSortOfDemoBugs">
                    <lines>
                        <line number="7" hits="1"></line>
                        <line number="12" hits="1"></line>
                    </lines>
                </class>
                <class filename="HttpServletResponseUtil.java"
                    name="com.parasoft.demoapp.util.HttpServletResponseUtil">
                    <lines>
                        <line number="10" hits="0"></line>
                        <line number="16" hits="1"></line>
                        <line number="17" hits="1"></line>
                        <line number="18" hits="1"></line>
                        <line number="20" hits="1"></line>
                        <line number="21" hits="1"></line>
                        <line number="22" hits="1"></line>
                        <line number="23" hits="1"></line>
                        <line number="24" hits="1"></line>
                        <line number="27" hits="1"></line>
                        <line number="28" hits="1"></line>
                        <line number="29" hits="1"></line>
                    </lines>
                </class>
            </classes>
        </package>
    </packages>
	<sources>
		<source>app/src/main/java/com/parasoft/demoapp/config/security</source>
		<source>app/src/main/java/com/parasoft/demoapp/config</source>
		<source>app/src/main/java/com/parasoft/demoapp/config/activemq</source>
		<source>app/src/main/java/com/parasoft/demoapp</source>
		<source>app/src/main/java/com/parasoft/demoapp/config/kafka</source>
		<source>app/src/main/java/com/parasoft/demoapp/config/datasource</source>
		<source>app/src/main/java/com/parasoft/demoapp/config/rabbitmq</source>
		<source>app/src/main/java/com/parasoft/demoapp/config/endpoint</source>
		<source>app/src/main/java/com/parasoft/demoapp/config/interceptor</source>
		<source>app/src/main/java/com/parasoft/demoapp/controller</source>
		<source>app/src/main/java/com/parasoft/demoapp/defaultdata/global</source>
		<source>app/src/main/java/com/parasoft/demoapp/defaultdata</source>
		<source>app/src/main/java/com/parasoft/demoapp/defaultdata/industry</source>
		<source>app/src/main/java/com/parasoft/demoapp/dto</source>
		<source>app/src/main/java/com/parasoft/demoapp/exception</source>
		<source>app/src/main/java/com/parasoft/demoapp/grpc/message</source>
		<source>app/src/main/java/com/parasoft/demoapp/graphql</source>
		<source>app/src/main/java/com/parasoft/demoapp/messages</source>
		<source>app/src/main/java/com/parasoft/demoapp/grpc/service</source>
		<source>app/src/main/java/com/parasoft/demoapp/grpc</source>
		<source>app/src/main/java/com/parasoft/demoapp/grpc/util</source>
		<source>app/src/main/java/com/parasoft/demoapp/service</source>
		<source>app/src/main/java/com/parasoft/demoapp/repository/industry</source>
		<source>app/src/main/java/com/parasoft/demoapp/repository/global</source>
		<source>app/src/main/java/com/parasoft/demoapp/model/global/preferences</source>
		<source>app/src/main/java/com/parasoft/demoapp/model/global</source>
		<source>app/src/main/java/com/parasoft/demoapp/model/industry</source>
		<source>app/src/main/java/com/parasoft/demoapp/util</source>
    </sources>
</coverage>
