<?xml version="1.0" encoding="UTF-8"?><coverage line-rate="0.62233527131782945736" branch-rate="0.5" lines-covered="6" lines-valid="7" branches-covered="1" version="gcovr 6.0"><packages><package name="com.parasoft.bookstore2" line-rate="0.44137931034482758621"><classes><class filename="src/main/java/com/parasoft/bookstore2/TempBook.java" name="com.parasoft.bookstore2.TempBook" line-rate="0"><lines><line number="11" hits="0"/><line number="12" hits="0"/><line number="13" hits="0"/><line number="14" hits="0"/><line number="17" hits="0"/><line number="21" hits="0"/><line number="22" hits="0"/><line number="25" hits="0"/><line number="29" hits="0"/><line number="30" hits="0"/><line number="33" hits="0"/><line number="34" hits="0"/><line number="7" hits="0"/><line number="9" hits="0"/></lines></class><class filename="src/main/java/com/parasoft/bookstore2/DB.java" name="com.parasoft.bookstore2.DB" line-rate="0.63636363636363636364"><lines><line number="11" hits="1"/><line number="13" hits="1"/><line number="16" hits="1"/><line number="18" hits="1"/><line number="20" hits="1"/><line number="22" hits="1"/><line number="24" hits="1"/><line number="26" hits="1"/><line number="28" hits="1"/><line number="29" hits="1"/><line number="32" hits="1"/><line number="33" hits="1"/><line number="35" hits="0"/><line number="40" hits="1"/><line number="41" hits="1"/><line number="42" hits="1"/><line number="43" hits="1"/><line number="46" hits="0"/><line number="47" hits="0"/><line number="50" hits="1"/><line number="51" hits="1"/><line number="53" hits="1"/><line number="61" hits="0"/><line number="62" hits="0"/><line number="64" hits="0"/><line number="65" hits="0"/><line number="67" hits="0"/><line number="68" hits="0"/><line number="69" hits="0"/><line number="72" hits="0"/><line number="76" hits="2"/><line number="86" hits="0"/><line number="91" hits="2"/></lines></class><class filename="src/main/java/com/parasoft/bookstore2/UsernameTokenPasswordCallback.java" name="com.parasoft.bookstore2.UsernameTokenPasswordCallback" line-rate="0"><lines><line number="11" hits="0"/><line number="12" hits="0"/><line number="13" hits="0"/><line number="14" hits="0"/><line number="15" hits="0"/><line number="16" hits="0"/><line number="17" hits="0"/><line number="21" hits="0"/><line number="23" hits="0"/><line number="24" hits="0"/><line number="25" hits="0"/><line number="26" hits="0"/><line number="27" hits="0"/><line number="28" hits="0"/><line number="29" hits="0"/><line number="32" hits="0"/></lines></class><class filename="src/main/java/com/parasoft/bookstore2/DisplayOrder.java" name="com.parasoft.bookstore2.DisplayOrder" line-rate="0.5"><lines><line number="11" hits="2"/><line number="12" hits="2"/><line number="13" hits="2"/><line number="14" hits="2"/><line number="17" hits="2"/><line number="21" hits="0"/><line number="22" hits="0"/><line number="25" hits="2"/><line number="29" hits="0"/><line number="30" hits="0"/><line number="7" hits="0"/><line number="9" hits="0"/></lines></class><class filename="src/main/java/com/parasoft/bookstore2/Book.java" name="com.parasoft.bookstore2.Book" line-rate="0.2972972972972972973"><lines><line number="100" hits="0"/><line number="101" hits="0"/><line number="104" hits="0"/><line number="105" hits="0"/><line number="21" hits="0"/><line number="23" hits="0"/><line number="28" hits="2"/><line number="29" hits="2"/><line number="30" hits="2"/><line number="31" hits="2"/><line number="32" hits="2"/><line number="33" hits="2"/><line number="34" hits="2"/><line number="35" hits="2"/><line number="37" hits="2"/><line number="40" hits="0"/><line number="44" hits="0"/><line number="45" hits="0"/><line number="48" hits="0"/><line number="52" hits="0"/><line number="53" hits="0"/><line number="56" hits="0"/><line number="60" hits="0"/><line number="61" hits="0"/><line number="64" hits="0"/><line number="68" hits="0"/><line number="69" hits="0"/><line number="72" hits="0"/><line number="76" hits="0"/><line number="77" hits="0"/><line number="80" hits="1"/><line number="84" hits="0"/><line number="85" hits="0"/><line number="88" hits="0"/><line number="92" hits="0"/><line number="93" hits="0"/><line number="96" hits="2"/></lines></class><class filename="src/main/java/com/parasoft/bookstore2/BookStoreDB.java" name="com.parasoft.bookstore2.BookStoreDB" line-rate="0.34862385321100917431"><lines><line number="112" hits="0"/><line number="113" hits="0"/><line number="114" hits="0"/><line number="115" hits="0"/><line number="116" hits="0"/><line number="117" hits="0"/><line number="118" hits="0"/><line number="119" hits="0"/><line number="120" hits="0"/><line number="121" hits="0"/><line number="123" hits="0"/><line number="126" hits="0"/><line number="127" hits="0"/><line number="128" hits="0"/><line number="129" hits="0"/><line number="130" hits="0"/><line number="132" hits="0"/><line number="133" hits="0"/><line number="134" hits="0"/><line number="135" hits="0"/><line number="136" hits="0"/><line number="138" hits="0"/><line number="140" hits="0"/><line number="141" hits="0"/><line number="144" hits="0"/><line number="145" hits="0"/><line number="146" hits="0"/><line number="147" hits="0"/><line number="148" hits="0"/><line number="150" hits="0"/><line number="151" hits="0"/><line number="152" hits="0"/><line number="153" hits="0"/><line number="154" hits="0"/><line number="155" hits="0"/><line number="157" hits="0"/><line number="160" hits="0"/><line number="162" hits="0"/><line number="163" hits="0"/><line number="166" hits="0"/><line number="168" hits="0"/><line number="169" hits="0"/><line number="172" hits="0"/><line number="182" hits="2"/><line number="183" hits="2"/><line number="200" hits="2"/><line number="203" hits="2"/><line number="204" hits="2"/><line number="205" hits="2"/><line number="206" hits="2"/><line number="207" hits="0"/><line number="208" hits="0"/><line number="209" hits="0"/><line number="210" hits="0"/><line number="211" hits="0"/><line number="212" hits="0"/><line number="213" hits="0"/><line number="215" hits="0"/><line number="217" hits="0"/><line number="220" hits="2"/><line number="221" hits="2"/><line number="222" hits="2"/><line number="223" hits="2"/><line number="224" hits="2"/><line number="225" hits="2"/><line number="226" hits="2"/><line number="227" hits="2"/><line number="228" hits="2"/><line number="237" hits="2"/><line number="240" hits="2"/><line number="241" hits="2"/><line number="242" hits="2"/><line number="243" hits="2"/><line number="244" hits="2"/><line number="245" hits="2"/><line number="246" hits="2"/><line number="247" hits="2"/><line number="248" hits="2"/><line number="249" hits="2"/><line number="250" hits="2"/><line number="251" hits="2"/><line number="253" hits="2"/><line number="254" hits="2"/><line number="259" hits="0"/><line number="260" hits="0"/><line number="262" hits="0"/><line number="263" hits="0"/><line number="266" hits="0"/><line number="268" hits="0"/><line number="271" hits="0"/><line number="272" hits="0"/><line number="273" hits="0"/><line number="275" hits="0"/><line number="31" hits="1"/><line number="41" hits="1"/><line number="42" hits="1"/><line number="50" hits="2"/><line number="51" hits="1"/><line number="52" hits="2"/><line number="53" hits="0"/><line number="55" hits="2"/><line number="69" hits="0"/><line number="90" hits="0"/><line number="91" hits="0"/><line number="94" hits="0"/><line number="95" hits="0"/><line number="96" hits="0"/><line number="97" hits="0"/><line number="99" hits="0"/></lines></class><class filename="src/main/java/com/parasoft/bookstore2/ItemNotFoundException.java" name="com.parasoft.bookstore2.ItemNotFoundException" line-rate="0"><lines><line number="10" hits="0"/><line number="9" hits="0"/></lines></class><class filename="src/main/java/com/parasoft/bookstore2/BookStoreMemoryDB.java" name="com.parasoft.bookstore2.BookStoreMemoryDB" line-rate="0"><lines><line number="23" hits="0"/><line number="25" hits="0"/><line number="33" hits="0"/><line number="34" hits="0"/><line number="36" hits="0"/><line number="9" hits="0"/></lines></class><class filename="src/main/java/com/parasoft/bookstore2/KeystorePasswordCallback.java" name="com.parasoft.bookstore2.KeystorePasswordCallback" line-rate="0"><lines><line number="11" hits="0"/><line number="12" hits="0"/><line number="13" hits="0"/><line number="17" hits="0"/><line number="19" hits="0"/><line number="20" hits="0"/><line number="21" hits="0"/><line number="24" hits="0"/></lines></class><class filename="src/main/java/com/parasoft/bookstore2/Order.java" name="com.parasoft.bookstore2.Order" line-rate="0.89473684210526315789"><lines><line number="11" hits="1"/><line number="12" hits="1"/><line number="14" hits="3"/><line number="15" hits="3"/><line number="16" hits="3"/><line number="17" hits="3"/><line number="18" hits="3"/><line number="21" hits="2"/><line number="25" hits="1"/><line number="26" hits="1"/><line number="29" hits="2"/><line number="33" hits="0"/><line number="34" hits="0"/><line number="37" hits="2"/><line number="38" hits="2"/><line number="41" hits="1"/><line number="45" hits="2"/><line number="46" hits="2"/><line number="49" hits="1"/></lines></class><class filename="src/main/java/com/parasoft/bookstore2/CartManager.java" name="com.parasoft.bookstore2.CartManager" line-rate="0.66666666666666666667"><lines><line number="103" hits="1"/><line number="117" hits="2"/><line number="118" hits="2"/><line number="12" hits="1"/><line number="120" hits="0"/><line number="125" hits="1"/><line number="129" hits="1"/><line number="13" hits="1"/><line number="130" hits="1"/><line number="131" hits="1"/><line number="132" hits="0"/><line number="135" hits="1"/><line number="138" hits="0"/><line number="139" hits="0"/><line number="14" hits="1"/><line number="140" hits="0"/><line number="141" hits="0"/><line number="143" hits="0"/><line number="147" hits="2"/><line number="148" hits="2"/><line number="151" hits="0"/><line number="155" hits="2"/><line number="156" hits="2"/><line number="159" hits="0"/><line number="163" hits="2"/><line number="18" hits="2"/><line number="20" hits="2"/><line number="22" hits="2"/><line number="23" hits="2"/><line number="24" hits="0"/><line number="27" hits="2"/><line number="28" hits="2"/><line number="29" hits="2"/><line number="32" hits="2"/><line number="33" hits="2"/><line number="34" hits="2"/><line number="35" hits="2"/><line number="39" hits="2"/><line number="40" hits="2"/><line number="41" hits="2"/><line number="42" hits="2"/><line number="43" hits="2"/><line number="44" hits="2"/><line number="45" hits="2"/><line number="46" hits="2"/><line number="47" hits="2"/><line number="48" hits="2"/><line number="49" hits="2"/><line number="51" hits="0"/><line number="52" hits="0"/><line number="53" hits="0"/><line number="54" hits="0"/><line number="56" hits="0"/><line number="57" hits="1"/><line number="59" hits="0"/><line number="64" hits="1"/><line number="65" hits="1"/><line number="66" hits="1"/><line number="67" hits="1"/><line number="68" hits="1"/><line number="69" hits="1"/><line number="70" hits="1"/><line number="71" hits="1"/><line number="72" hits="1"/><line number="73" hits="1"/><line number="75" hits="1"/><line number="77" hits="0"/><line number="78" hits="0"/><line number="79" hits="0"/><line number="81" hits="0"/><line number="82" hits="0"/><line number="83" hits="0"/><line number="86" hits="0"/><line number="87" hits="0"/><line number="91" hits="0"/></lines></class><class filename="src/main/java/com/parasoft/bookstore2/ProductInfo.java" name="com.parasoft.bookstore2.ProductInfo" line-rate="0.34782608695652173913"><lines><line number="17" hits="0"/><line number="19" hits="0"/><line number="22" hits="2"/><line number="23" hits="2"/><line number="24" hits="2"/><line number="25" hits="2"/><line number="26" hits="2"/><line number="27" hits="2"/><line number="30" hits="0"/><line number="34" hits="0"/><line number="35" hits="0"/><line number="38" hits="2"/><line number="42" hits="0"/><line number="43" hits="0"/><line number="46" hits="2"/><line number="50" hits="0"/><line number="51" hits="0"/><line number="54" hits="0"/><line number="58" hits="0"/><line number="59" hits="0"/><line number="62" hits="0"/><line number="63" hits="0"/><line number="67" hits="0"/></lines></class><class filename="src/main/java/com/parasoft/bookstore2/SubmittedOrder.java" name="com.parasoft.bookstore2.SubmittedOrder" line-rate="0"><lines><line number="11" hits="0"/><line number="13" hits="0"/><line number="14" hits="0"/><line number="15" hits="0"/><line number="16" hits="0"/><line number="19" hits="0"/><line number="20" hits="0"/><line number="23" hits="0"/><line number="27" hits="0"/><line number="28" hits="0"/><line number="31" hits="0"/><line number="9" hits="0"/></lines></class><class filename="src/main/java/com/parasoft/bookstore2/CartService.java" name="com.parasoft.bookstore2.CartService" line-rate="0.57575757575757575758"><lines><line number="102" hits="0"/><line number="112" hits="0"/><line number="114" hits="0"/><line number="115" hits="0"/><line number="116" hits="0"/><line number="117" hits="0"/><line number="118" hits="0"/><line number="119" hits="0"/><line number="120" hits="0"/><line number="121" hits="0"/><line number="123" hits="0"/><line number="125" hits="0"/><line number="134" hits="0"/><line number="135" hits="0"/><line number="144" hits="2"/><line number="148" hits="1"/><line number="149" hits="1"/><line number="150" hits="1"/><line number="151" hits="1"/><line number="152" hits="1"/><line number="153" hits="1"/><line number="154" hits="1"/><line number="156" hits="1"/><line number="157" hits="1"/><line number="158" hits="0"/><line number="160" hits="1"/><line number="161" hits="1"/><line number="162" hits="1"/><line number="163" hits="1"/><line number="164" hits="1"/><line number="165" hits="1"/><line number="166" hits="1"/><line number="167" hits="1"/><line number="168" hits="0"/><line number="170" hits="0"/><line number="171" hits="0"/><line number="172" hits="0"/><line number="173" hits="0"/><line number="175" hits="0"/><line number="176" hits="1"/><line number="177" hits="1"/><line number="19" hits="2"/><line number="21" hits="1"/><line number="22" hits="1"/><line number="23" hits="2"/><line number="24" hits="2"/><line number="36" hits="2"/><line number="47" hits="2"/><line number="48" hits="1"/><line number="51" hits="2"/><line number="52" hits="2"/><line number="54" hits="2"/><line number="55" hits="2"/><line number="56" hits="2"/><line number="59" hits="2"/><line number="70" hits="1"/><line number="71" hits="1"/><line number="73" hits="1"/><line number="74" hits="0"/><line number="78" hits="1"/><line number="79" hits="0"/><line number="88" hits="0"/><line number="89" hits="0"/><line number="90" hits="0"/><line number="91" hits="0"/><line number="93" hits="0"/></lines></class><class filename="src/main/java/com/parasoft/bookstore2/CartTimer.java" name="com.parasoft.bookstore2.CartTimer" line-rate="1"><lines><line number="5" hits="1"/><line number="8" hits="1"/><line number="9" hits="1"/></lines></class></classes></package><package name="com.parasoft.parabank.dao.jdbc" line-rate="0.8967551622418879056"><classes><class filename="src/main/java/com/parasoft/parabank/dao/jdbc/JdbcTransactionQueryRestrictor.java" name="com.parasoft.parabank.dao.jdbc.JdbcTransactionQueryRestrictor" line-rate="0.85106382978723404255"><lines><line number="100" hits="3"/><line number="102" hits="2"/><line number="103" hits="2"/><line number="105" hits="3"/><line number="108" hits="9"/><line number="18" hits="9"/><line number="19" hits="1"/><line number="22" hits="3"/><line number="24" hits="3"/><line number="25" hits="2"/><line number="27" hits="2"/><line number="28" hits="0"/><line number="30" hits="2"/><line number="31" hits="2"/><line number="34" hits="3"/><line number="35" hits="3"/><line number="39" hits="3"/><line number="41" hits="3"/><line number="43" hits="0"/><line number="44" hits="0"/><line number="45" hits="0"/><line number="46" hits="0"/><line number="47" hits="0"/><line number="48" hits="1"/><line number="49" hits="1"/><line number="50" hits="0"/><line number="52" hits="3"/><line number="56" hits="3"/><line number="57" hits="3"/><line number="58" hits="3"/><line number="62" hits="2"/><line number="63" hits="2"/><line number="64" hits="2"/><line number="65" hits="2"/><line number="69" hits="3"/><line number="70" hits="3"/><line number="71" hits="3"/><line number="75" hits="2"/><line number="76" hits="2"/><line number="77" hits="2"/><line number="90" hits="9"/><line number="91" hits="9"/><line number="93" hits="3"/><line number="94" hits="3"/><line number="96" hits="2"/><line number="97" hits="2"/><line number="99" hits="3"/></lines></class><class filename="src/main/java/com/parasoft/parabank/dao/jdbc/JdbcAccountDao.java" name="com.parasoft.parabank.dao.jdbc.JdbcAccountDao" line-rate="1"><lines><line number="104" hits="23"/><line number="106" hits="23"/><line number="107" hits="23"/><line number="109" hits="23"/><line number="119" hits="17"/><line number="121" hits="17"/><line number="122" hits="17"/><line number="124" hits="17"/><line number="128" hits="2"/><line number="129" hits="2"/><line number="138" hits="15"/><line number="141" hits="15"/><line number="142" hits="15"/><line number="146" hits="15"/><line number="147" hits="15"/><line number="20" hits="2"/><line number="60" hits="1"/><line number="82" hits="7"/><line number="85" hits="7"/><line number="86" hits="7"/><line number="87" hits="7"/><line number="88" hits="7"/><line number="92" hits="7"/><line number="94" hits="7"/></lines></class><class filename="src/main/java/com/parasoft/parabank/dao/jdbc/JdbcAccountDao.java" name="com.parasoft.parabank.dao.jdbc.JdbcAccountDao#AccountMapper" line-rate="1"><lines><line number="21" hits="35"/><line number="24" hits="33"/><line number="25" hits="33"/><line number="26" hits="33"/><line number="27" hits="33"/><line number="28" hits="33"/><line number="29" hits="33"/><line number="30" hits="33"/></lines></class><class filename="src/main/java/com/parasoft/parabank/dao/jdbc/SecureJdbcCustomerDao.java" name="com.parasoft.parabank.dao.jdbc.SecureJdbcCustomerDao" line-rate="0"><lines><line number="14" hits="0"/><line number="23" hits="0"/><line number="26" hits="0"/><line number="27" hits="0"/><line number="30" hits="0"/><line number="31" hits="0"/></lines></class><class filename="src/main/java/com/parasoft/parabank/dao/jdbc/JdbcAdminDao.java" name="com.parasoft.parabank.dao.jdbc.JdbcAdminDao" line-rate="0.87878787878787878788"><lines><line number="109" hits="7"/><line number="111" hits="7"/><line number="113" hits="7"/><line number="114" hits="7"/><line number="115" hits="7"/><line number="116" hits="7"/><line number="118" hits="7"/><line number="119" hits="7"/><line number="121" hits="0"/><line number="125" hits="7"/><line number="126" hits="7"/><line number="127" hits="7"/><line number="128" hits="7"/><line number="130" hits="7"/><line number="132" hits="7"/><line number="143" hits="5"/><line number="144" hits="5"/><line number="146" hits="5"/><line number="147" hits="5"/><line number="149" hits="5"/><line number="150" hits="5"/><line number="152" hits="0"/><line number="154" hits="5"/><line number="155" hits="5"/><line number="158" hits="2"/><line number="159" hits="2"/><line number="168" hits="109"/><line number="169" hits="109"/><line number="171" hits="109"/><line number="172" hits="109"/><line number="173" hits="0"/><line number="174" hits="0"/><line number="176" hits="109"/><line number="26" hits="2"/><line number="27" hits="1"/><line number="31" hits="1"/><line number="33" hits="1"/><line number="35" hits="1"/><line number="46" hits="5"/><line number="47" hits="5"/><line number="48" hits="5"/><line number="49" hits="5"/><line number="51" hits="5"/><line number="52" hits="5"/><line number="53" hits="5"/><line number="54" hits="5"/><line number="55" hits="5"/><line number="56" hits="5"/><line number="57" hits="0"/><line number="58" hits="0"/><line number="60" hits="5"/><line number="61" hits="5"/><line number="63" hits="0"/><line number="64" hits="5"/><line number="65" hits="0"/><line number="67" hits="5"/><line number="68" hits="5"/><line number="70" hits="5"/><line number="79" hits="38"/><line number="81" hits="38"/><line number="91" hits="8"/><line number="93" hits="8"/><line number="94" hits="8"/><line number="95" hits="8"/><line number="96" hits="8"/><line number="98" hits="8"/></lines></class><class filename="src/main/java/com/parasoft/parabank/dao/jdbc/SecureJdbcTransactionDao.java" name="com.parasoft.parabank.dao.jdbc.SecureJdbcTransactionDao" line-rate="0"><lines><line number="16" hits="0"/><line number="20" hits="0"/><line number="21" hits="0"/><line number="22" hits="0"/><line number="24" hits="0"/><line number="29" hits="0"/><line number="31" hits="0"/><line number="32" hits="0"/><line number="33" hits="0"/><line number="36" hits="0"/><line number="37" hits="0"/></lines></class><class filename="src/main/java/com/parasoft/parabank/dao/jdbc/JdbcCustomerDao.java" name="com.parasoft.parabank.dao.jdbc.JdbcCustomerDao" line-rate="1"><lines><line number="100" hits="2"/><line number="101" hits="2"/><line number="102" hits="2"/><line number="104" hits="2"/><line number="114" hits="17"/><line number="116" hits="17"/><line number="119" hits="17"/><line number="120" hits="16"/><line number="121" hits="3"/><line number="122" hits="3"/><line number="123" hits="16"/><line number="125" hits="17"/><line number="129" hits="2"/><line number="130" hits="2"/><line number="140" hits="3"/><line number="141" hits="3"/><line number="143" hits="3"/><line number="144" hits="3"/><line number="147" hits="3"/><line number="148" hits="3"/><line number="20" hits="2"/><line number="42" hits="1"/><line number="44" hits="2"/><line number="56" hits="4"/><line number="59" hits="4"/><line number="60" hits="4"/><line number="61" hits="4"/><line number="62" hits="3"/><line number="66" hits="3"/><line number="68" hits="3"/><line number="78" hits="13"/><line number="80" hits="13"/><line number="81" hits="13"/><line number="83" hits="13"/><line number="93" hits="2"/><line number="95" hits="2"/><line number="98" hits="2"/><line number="99" hits="2"/></lines></class><class filename="src/main/java/com/parasoft/parabank/dao/jdbc/JdbcCustomerDao.java" name="com.parasoft.parabank.dao.jdbc.JdbcCustomerDao#CustomerMapper" line-rate="1"><lines><line number="21" hits="29"/><line number="24" hits="28"/><line number="25" hits="28"/><line number="26" hits="28"/><line number="27" hits="28"/><line number="28" hits="28"/><line number="29" hits="28"/><line number="30" hits="28"/><line number="31" hits="28"/><line number="32" hits="28"/><line number="33" hits="28"/><line number="34" hits="28"/><line number="35" hits="28"/><line number="36" hits="28"/><line number="37" hits="28"/><line number="38" hits="28"/></lines></class><class filename="src/main/java/com/parasoft/parabank/dao/jdbc/JdbcNewsDao.java" name="com.parasoft.parabank.dao.jdbc.JdbcNewsDao" line-rate="1"><lines><line number="19" hits="2"/><line number="32" hits="1"/><line number="41" hits="3"/><line number="43" hits="2"/><line number="53" hits="1"/><line number="55" hits="1"/><line number="56" hits="1"/><line number="58" hits="1"/><line number="68" hits="2"/><line number="70" hits="2"/><line number="71" hits="2"/><line number="73" hits="2"/></lines></class><class filename="src/main/java/com/parasoft/parabank/dao/jdbc/JdbcNewsDao.java" name="com.parasoft.parabank.dao.jdbc.JdbcNewsDao#NewsMapper" line-rate="1"><lines><line number="20" hits="3"/><line number="23" hits="3"/><line number="24" hits="3"/><line number="25" hits="3"/><line number="26" hits="3"/><line number="27" hits="3"/><line number="28" hits="3"/></lines></class><class filename="src/main/java/com/parasoft/parabank/dao/jdbc/JdbcPositionDao.java" name="com.parasoft.parabank.dao.jdbc.JdbcPositionDao" line-rate="1"><lines><line number="101" hits="8"/><line number="103" hits="8"/><line number="104" hits="8"/><line number="106" hits="8"/><line number="116" hits="2"/><line number="118" hits="2"/><line number="120" hits="2"/><line number="121" hits="2"/><line number="123" hits="2"/><line number="126" hits="2"/><line number="136" hits="3"/><line number="138" hits="3"/><line number="139" hits="3"/><line number="141" hits="3"/><line number="145" hits="2"/><line number="146" hits="2"/><line number="155" hits="1"/><line number="156" hits="1"/><line number="158" hits="1"/><line number="159" hits="1"/><line number="162" hits="1"/><line number="163" hits="1"/><line number="21" hits="2"/><line number="47" hits="1"/><line number="49" hits="2"/><line number="61" hits="4"/><line number="64" hits="4"/><line number="65" hits="4"/><line number="66" hits="4"/><line number="67" hits="4"/><line number="71" hits="4"/><line number="73" hits="4"/><line number="83" hits="2"/><line number="84" hits="2"/><line number="86" hits="2"/><line number="87" hits="2"/><line number="90" hits="2"/><line number="91" hits="2"/></lines></class><class filename="src/main/java/com/parasoft/parabank/dao/jdbc/JdbcPositionDao.java" name="com.parasoft.parabank.dao.jdbc.JdbcPositionDao#HistoryPointMapper" line-rate="1"><lines><line number="22" hits="2"/><line number="25" hits="2"/><line number="26" hits="2"/><line number="27" hits="2"/><line number="28" hits="2"/><line number="29" hits="2"/></lines></class><class filename="src/main/java/com/parasoft/parabank/dao/jdbc/JdbcPositionDao.java" name="com.parasoft.parabank.dao.jdbc.JdbcPositionDao#PositionMapper" line-rate="1"><lines><line number="33" hits="10"/><line number="36" hits="10"/><line number="37" hits="10"/><line number="38" hits="10"/><line number="39" hits="10"/><line number="40" hits="10"/><line number="41" hits="10"/><line number="42" hits="10"/><line number="43" hits="10"/></lines></class><class filename="src/main/java/com/parasoft/parabank/dao/jdbc/JdbcSequenceDao.java" name="com.parasoft.parabank.dao.jdbc.JdbcSequenceDao" line-rate="0.75"><lines><line number="12" hits="0"/><line number="14" hits="0"/><line number="19" hits="0"/><line number="30" hits="32"/><line number="32" hits="32"/><line number="35" hits="32"/><line number="36" hits="32"/><line number="40" hits="7"/><line number="41" hits="7"/><line number="43" hits="7"/><line number="44" hits="7"/><line number="8" hits="2"/></lines></class><class filename="src/main/java/com/parasoft/parabank/dao/jdbc/JdbcTransactionDao.java" name="com.parasoft.parabank.dao.jdbc.JdbcTransactionDao" line-rate="1"><lines><line number="105" hits="9"/><line number="108" hits="9"/><line number="109" hits="9"/><line number="111" hits="9"/><line number="114" hits="9"/><line number="116" hits="9"/><line number="117" hits="9"/><line number="118" hits="9"/><line number="120" hits="9"/><line number="124" hits="9"/><line number="128" hits="2"/><line number="129" hits="2"/><line number="22" hits="2"/><line number="38" hits="1"/><line number="49" hits="15"/><line number="52" hits="15"/><line number="53" hits="15"/><line number="54" hits="15"/><line number="55" hits="15"/><line number="59" hits="15"/><line number="61" hits="15"/><line number="71" hits="6"/><line number="74" hits="6"/><line number="75" hits="5"/><line number="77" hits="5"/><line number="88" hits="4"/><line number="91" hits="4"/><line number="92" hits="4"/><line number="94" hits="4"/></lines></class><class filename="src/main/java/com/parasoft/parabank/dao/jdbc/JdbcTransactionDao.java" name="com.parasoft.parabank.dao.jdbc.JdbcTransactionDao#TransactionMapper" line-rate="1"><lines><line number="23" hits="19"/><line number="26" hits="17"/><line number="27" hits="17"/><line number="28" hits="17"/><line number="29" hits="17"/><line number="30" hits="17"/><line number="31" hits="17"/><line number="32" hits="17"/><line number="33" hits="17"/><line number="34" hits="17"/></lines></class></classes></package><package name="com.parasoft.bookstore" line-rate="0.42298850574712643678"><classes><class filename="src/main/java/com/parasoft/bookstore/Book.java" name="com.parasoft.bookstore.Book" line-rate="0.2962962962962962963"><lines><line number="19" hits="0"/><line number="21" hits="0"/><line number="27" hits="2"/><line number="28" hits="2"/><line number="29" hits="2"/><line number="30" hits="2"/><line number="31" hits="2"/><line number="32" hits="2"/><line number="33" hits="2"/><line number="36" hits="0"/><line number="40" hits="0"/><line number="41" hits="0"/><line number="44" hits="0"/><line number="48" hits="0"/><line number="49" hits="0"/><line number="52" hits="0"/><line number="56" hits="0"/><line number="57" hits="0"/><line number="60" hits="0"/><line number="64" hits="0"/><line number="65" hits="0"/><line number="68" hits="1"/><line number="72" hits="0"/><line number="73" hits="0"/><line number="76" hits="0"/><line number="80" hits="0"/><line number="81" hits="0"/></lines></class><class filename="src/main/java/com/parasoft/bookstore/UsernameTokenPasswordCallback.java" name="com.parasoft.bookstore.UsernameTokenPasswordCallback" line-rate="0"><lines><line number="11" hits="0"/><line number="12" hits="0"/><line number="13" hits="0"/><line number="14" hits="0"/><line number="15" hits="0"/><line number="16" hits="0"/><line number="17" hits="0"/><line number="21" hits="0"/><line number="23" hits="0"/><line number="24" hits="0"/><line number="25" hits="0"/><line number="26" hits="0"/><line number="27" hits="0"/><line number="28" hits="0"/><line number="29" hits="0"/><line number="32" hits="0"/></lines></class><class filename="src/main/java/com/parasoft/bookstore/Item.java" name="com.parasoft.bookstore.Item" line-rate="0.36363636363636363636"><lines><line number="16" hits="0"/><line number="18" hits="0"/><line number="21" hits="2"/><line number="22" hits="2"/><line number="23" hits="2"/><line number="24" hits="2"/><line number="25" hits="2"/><line number="26" hits="2"/><line number="29" hits="0"/><line number="33" hits="0"/><line number="34" hits="0"/><line number="37" hits="2"/><line number="41" hits="0"/><line number="42" hits="0"/><line number="45" hits="2"/><line number="49" hits="0"/><line number="50" hits="0"/><line number="53" hits="0"/><line number="57" hits="0"/><line number="58" hits="0"/><line number="61" hits="0"/><line number="62" hits="0"/></lines></class><class filename="src/main/java/com/parasoft/bookstore/BookStoreDB.java" name="com.parasoft.bookstore.BookStoreDB" line-rate="0.34579439252336448598"><lines><line number="106" hits="0"/><line number="107" hits="0"/><line number="108" hits="0"/><line number="109" hits="0"/><line number="110" hits="0"/><line number="111" hits="0"/><line number="112" hits="0"/><line number="113" hits="0"/><line number="114" hits="0"/><line number="116" hits="0"/><line number="119" hits="0"/><line number="120" hits="0"/><line number="121" hits="0"/><line number="122" hits="0"/><line number="123" hits="0"/><line number="125" hits="0"/><line number="126" hits="0"/><line number="127" hits="0"/><line number="128" hits="0"/><line number="129" hits="0"/><line number="131" hits="0"/><line number="133" hits="0"/><line number="134" hits="0"/><line number="137" hits="0"/><line number="139" hits="0"/><line number="140" hits="0"/><line number="141" hits="0"/><line number="143" hits="0"/><line number="144" hits="0"/><line number="145" hits="0"/><line number="146" hits="0"/><line number="147" hits="0"/><line number="148" hits="0"/><line number="150" hits="0"/><line number="153" hits="0"/><line number="155" hits="0"/><line number="156" hits="0"/><line number="159" hits="0"/><line number="160" hits="0"/><line number="163" hits="0"/><line number="173" hits="2"/><line number="174" hits="2"/><line number="190" hits="2"/><line number="193" hits="2"/><line number="194" hits="2"/><line number="195" hits="2"/><line number="196" hits="2"/><line number="197" hits="0"/><line number="198" hits="0"/><line number="199" hits="0"/><line number="200" hits="0"/><line number="201" hits="0"/><line number="202" hits="0"/><line number="203" hits="0"/><line number="205" hits="0"/><line number="207" hits="0"/><line number="210" hits="2"/><line number="211" hits="2"/><line number="212" hits="2"/><line number="213" hits="2"/><line number="214" hits="2"/><line number="215" hits="2"/><line number="216" hits="2"/><line number="217" hits="2"/><line number="226" hits="2"/><line number="229" hits="2"/><line number="230" hits="2"/><line number="231" hits="2"/><line number="232" hits="2"/><line number="233" hits="2"/><line number="234" hits="2"/><line number="235" hits="2"/><line number="236" hits="2"/><line number="237" hits="2"/><line number="238" hits="2"/><line number="239" hits="2"/><line number="240" hits="2"/><line number="242" hits="2"/><line number="243" hits="2"/><line number="248" hits="0"/><line number="249" hits="0"/><line number="251" hits="0"/><line number="252" hits="0"/><line number="255" hits="0"/><line number="257" hits="0"/><line number="260" hits="0"/><line number="261" hits="0"/><line number="262" hits="0"/><line number="264" hits="0"/><line number="32" hits="1"/><line number="42" hits="1"/><line number="43" hits="1"/><line number="51" hits="2"/><line number="52" hits="1"/><line number="53" hits="2"/><line number="54" hits="0"/><line number="56" hits="2"/><line number="61" hits="0"/><line number="75" hits="0"/><line number="80" hits="0"/><line number="81" hits="0"/><line number="82" hits="0"/><line number="83" hits="0"/><line number="84" hits="0"/><line number="90" hits="0"/><line number="91" hits="0"/><line number="93" hits="0"/></lines></class><class filename="src/main/java/com/parasoft/bookstore/ItemNotFoundException.java" name="com.parasoft.bookstore.ItemNotFoundException" line-rate="0"><lines><line number="10" hits="0"/><line number="9" hits="0"/></lines></class><class filename="src/main/java/com/parasoft/bookstore/BookStoreMemoryDB.java" name="com.parasoft.bookstore.BookStoreMemoryDB" line-rate="0"><lines><line number="23" hits="0"/><line number="25" hits="0"/><line number="33" hits="0"/><line number="34" hits="0"/><line number="36" hits="0"/><line number="9" hits="0"/></lines></class><class filename="src/main/java/com/parasoft/bookstore/KeystorePasswordCallback.java" name="com.parasoft.bookstore.KeystorePasswordCallback" line-rate="0"><lines><line number="11" hits="0"/><line number="12" hits="0"/><line number="13" hits="0"/><line number="17" hits="0"/><line number="19" hits="0"/><line number="20" hits="0"/><line number="21" hits="0"/><line number="24" hits="0"/></lines></class><class filename="src/main/java/com/parasoft/bookstore/Order.java" name="com.parasoft.bookstore.Order" line-rate="0.66666666666666666667"><lines><line number="10" hits="0"/><line number="12" hits="2"/><line number="13" hits="2"/><line number="14" hits="2"/><line number="15" hits="2"/><line number="16" hits="2"/><line number="19" hits="2"/><line number="23" hits="0"/><line number="24" hits="0"/><line number="27" hits="2"/><line number="31" hits="0"/><line number="32" hits="0"/><line number="35" hits="2"/><line number="36" hits="2"/><line number="39" hits="1"/><line number="43" hits="2"/><line number="44" hits="2"/><line number="9" hits="0"/></lines></class><class filename="src/main/java/com/parasoft/bookstore/CartManager.java" name="com.parasoft.bookstore.CartManager" line-rate="0.66666666666666666667"><lines><line number="103" hits="1"/><line number="117" hits="2"/><line number="118" hits="2"/><line number="12" hits="1"/><line number="120" hits="0"/><line number="125" hits="1"/><line number="129" hits="1"/><line number="13" hits="1"/><line number="130" hits="1"/><line number="131" hits="1"/><line number="132" hits="0"/><line number="135" hits="1"/><line number="138" hits="0"/><line number="139" hits="0"/><line number="14" hits="1"/><line number="140" hits="0"/><line number="141" hits="0"/><line number="143" hits="0"/><line number="147" hits="2"/><line number="148" hits="2"/><line number="151" hits="0"/><line number="155" hits="2"/><line number="156" hits="2"/><line number="159" hits="0"/><line number="163" hits="2"/><line number="18" hits="2"/><line number="20" hits="2"/><line number="22" hits="2"/><line number="23" hits="2"/><line number="24" hits="0"/><line number="27" hits="2"/><line number="28" hits="2"/><line number="29" hits="2"/><line number="32" hits="2"/><line number="33" hits="2"/><line number="34" hits="2"/><line number="35" hits="2"/><line number="39" hits="2"/><line number="40" hits="2"/><line number="41" hits="2"/><line number="42" hits="2"/><line number="43" hits="2"/><line number="44" hits="2"/><line number="45" hits="2"/><line number="46" hits="2"/><line number="47" hits="2"/><line number="48" hits="2"/><line number="49" hits="2"/><line number="51" hits="0"/><line number="52" hits="0"/><line number="53" hits="0"/><line number="54" hits="0"/><line number="56" hits="0"/><line number="57" hits="1"/><line number="59" hits="0"/><line number="64" hits="1"/><line number="65" hits="1"/><line number="66" hits="1"/><line number="67" hits="1"/><line number="68" hits="1"/><line number="69" hits="1"/><line number="70" hits="1"/><line number="71" hits="1"/><line number="72" hits="1"/><line number="73" hits="1"/><line number="75" hits="1"/><line number="77" hits="0"/><line number="78" hits="0"/><line number="79" hits="0"/><line number="81" hits="0"/><line number="82" hits="0"/><line number="83" hits="0"/><line number="86" hits="0"/><line number="87" hits="0"/><line number="91" hits="0"/></lines></class><class filename="src/main/java/com/parasoft/bookstore/SecureCartService.java" name="com.parasoft.bookstore.SecureCartService" line-rate="0"><lines><line number="15" hits="0"/><line number="22" hits="0"/><line number="23" hits="0"/><line number="24" hits="0"/><line number="25" hits="0"/><line number="27" hits="0"/><line number="36" hits="0"/><line number="55" hits="0"/><line number="56" hits="0"/><line number="59" hits="0"/><line number="60" hits="0"/><line number="61" hits="0"/><line number="62" hits="0"/></lines></class><class filename="src/main/java/com/parasoft/bookstore/CartService.java" name="com.parasoft.bookstore.CartService" line-rate="0.57575757575757575758"><lines><line number="102" hits="0"/><line number="111" hits="0"/><line number="113" hits="0"/><line number="114" hits="0"/><line number="115" hits="0"/><line number="116" hits="0"/><line number="117" hits="0"/><line number="118" hits="0"/><line number="119" hits="0"/><line number="120" hits="0"/><line number="122" hits="0"/><line number="124" hits="0"/><line number="133" hits="0"/><line number="134" hits="0"/><line number="143" hits="2"/><line number="147" hits="1"/><line number="148" hits="1"/><line number="149" hits="1"/><line number="150" hits="1"/><line number="151" hits="1"/><line number="152" hits="1"/><line number="153" hits="1"/><line number="155" hits="1"/><line number="156" hits="1"/><line number="157" hits="0"/><line number="159" hits="1"/><line number="160" hits="1"/><line number="161" hits="1"/><line number="162" hits="1"/><line number="163" hits="1"/><line number="164" hits="1"/><line number="165" hits="1"/><line number="166" hits="1"/><line number="167" hits="0"/><line number="169" hits="0"/><line number="170" hits="0"/><line number="171" hits="0"/><line number="172" hits="0"/><line number="174" hits="0"/><line number="175" hits="1"/><line number="176" hits="1"/><line number="19" hits="2"/><line number="30" hits="2"/><line number="34" hits="1"/><line number="35" hits="1"/><line number="36" hits="2"/><line number="37" hits="2"/><line number="47" hits="2"/><line number="48" hits="1"/><line number="51" hits="2"/><line number="52" hits="2"/><line number="54" hits="2"/><line number="55" hits="2"/><line number="56" hits="2"/><line number="59" hits="2"/><line number="70" hits="1"/><line number="71" hits="1"/><line number="73" hits="1"/><line number="74" hits="0"/><line number="78" hits="1"/><line number="79" hits="0"/><line number="88" hits="0"/><line number="89" hits="0"/><line number="90" hits="0"/><line number="91" hits="0"/><line number="93" hits="0"/></lines></class><class filename="src/main/java/com/parasoft/bookstore/SubmittedOrder.java" name="com.parasoft.bookstore.SubmittedOrder" line-rate="0"><lines><line number="11" hits="0"/><line number="13" hits="0"/><line number="14" hits="0"/><line number="15" hits="0"/><line number="16" hits="0"/><line number="19" hits="0"/><line number="20" hits="0"/><line number="23" hits="0"/><line number="27" hits="0"/><line number="28" hits="0"/><line number="31" hits="0"/><line number="9" hits="0"/></lines></class><class filename="src/main/java/com/parasoft/bookstore/TempBook.java" name="com.parasoft.bookstore.TempBook" line-rate="0"><lines><line number="11" hits="0"/><line number="12" hits="0"/><line number="13" hits="0"/><line number="14" hits="0"/><line number="17" hits="0"/><line number="21" hits="0"/><line number="22" hits="0"/><line number="25" hits="0"/><line number="29" hits="0"/><line number="30" hits="0"/><line number="33" hits="0"/><line number="34" hits="0"/><line number="7" hits="0"/><line number="9" hits="0"/></lines></class><class filename="src/main/java/com/parasoft/bookstore/CartTimer.java" name="com.parasoft.bookstore.CartTimer" line-rate="1"><lines><line number="4" hits="1"/><line number="7" hits="1"/><line number="8" hits="1"/></lines></class><class filename="src/main/java/com/parasoft/bookstore/DB.java" name="com.parasoft.bookstore.DB" line-rate="0.64705882352941176471"><lines><line number="10" hits="1"/><line number="12" hits="1"/><line number="15" hits="1"/><line number="17" hits="1"/><line number="19" hits="1"/><line number="21" hits="1"/><line number="23" hits="1"/><line number="25" hits="1"/><line number="27" hits="1"/><line number="28" hits="1"/><line number="31" hits="1"/><line number="32" hits="1"/><line number="34" hits="0"/><line number="39" hits="1"/><line number="40" hits="1"/><line number="41" hits="1"/><line number="42" hits="1"/><line number="43" hits="1"/><line number="46" hits="0"/><line number="47" hits="0"/><line number="50" hits="1"/><line number="51" hits="1"/><line number="53" hits="1"/><line number="61" hits="0"/><line number="62" hits="0"/><line number="64" hits="0"/><line number="65" hits="0"/><line number="67" hits="0"/><line number="68" hits="0"/><line number="69" hits="0"/><line number="72" hits="0"/><line number="76" hits="2"/><line number="86" hits="0"/><line number="91" hits="2"/></lines></class><class filename="src/main/java/com/parasoft/bookstore/DisplayOrder.java" name="com.parasoft.bookstore.DisplayOrder" line-rate="0.5"><lines><line number="11" hits="2"/><line number="12" hits="2"/><line number="13" hits="2"/><line number="14" hits="2"/><line number="17" hits="2"/><line number="21" hits="0"/><line number="22" hits="0"/><line number="25" hits="2"/><line number="29" hits="0"/><line number="30" hits="0"/><line number="7" hits="0"/><line number="9" hits="0"/></lines></class></classes></package><package name="com.parasoft.parabank.domain" line-rate="0.96350364963503649635"><classes><class filename="src/main/java/com/parasoft/parabank/domain/Customer.java" name="com.parasoft.parabank.domain.Customer" line-rate="1"><lines><line number="103" hits="1"/><line number="104" hits="1"/><line number="105" hits="1"/><line number="106" hits="1"/><line number="107" hits="1"/><line number="108" hits="1"/><line number="109" hits="1"/><line number="110" hits="1"/><line number="111" hits="1"/><line number="112" hits="1"/><line number="113" hits="1"/><line number="118" hits="6"/><line number="119" hits="3"/><line number="121" hits="4"/><line number="122" hits="1"/><line number="124" hits="4"/><line number="125" hits="4"/><line number="126" hits="4"/><line number="127" hits="4"/><line number="128" hits="4"/><line number="129" hits="4"/><line number="130" hits="4"/><line number="131" hits="4"/><line number="132" hits="4"/><line number="137" hits="15"/><line number="17" hits="75"/><line number="28" hits="37"/><line number="32" hits="66"/><line number="33" hits="66"/><line number="36" hits="12"/><line number="40" hits="32"/><line number="41" hits="32"/><line number="44" hits="12"/><line number="48" hits="32"/><line number="49" hits="32"/><line number="54" hits="3"/><line number="58" hits="12"/><line number="62" hits="30"/><line number="63" hits="30"/><line number="66" hits="10"/><line number="70" hits="30"/><line number="71" hits="30"/><line number="74" hits="13"/><line number="78" hits="33"/><line number="79" hits="33"/><line number="84" hits="12"/><line number="88" hits="33"/><line number="89" hits="33"/><line number="94" hits="12"/><line number="98" hits="33"/><line number="99" hits="33"/></lines></class><class filename="src/main/java/com/parasoft/parabank/domain/HistoryPoint.java" name="com.parasoft.parabank.domain.HistoryPoint" line-rate="1"><lines><line number="19" hits="21"/><line number="25" hits="3"/><line number="29" hits="16"/><line number="30" hits="16"/><line number="35" hits="1"/><line number="39" hits="16"/><line number="40" hits="16"/><line number="43" hits="1"/><line number="47" hits="9"/><line number="48" hits="9"/><line number="52" hits="1"/><line number="53" hits="1"/><line number="54" hits="1"/><line number="55" hits="1"/><line number="56" hits="1"/><line number="57" hits="1"/><line number="62" hits="1"/><line number="63" hits="1"/><line number="65" hits="1"/><line number="66" hits="1"/><line number="68" hits="1"/><line number="69" hits="1"/><line number="70" hits="1"/><line number="71" hits="1"/><line number="76" hits="1"/></lines></class><class filename="src/main/java/com/parasoft/parabank/domain/LoanRequest.java" name="com.parasoft.parabank.domain.LoanRequest" line-rate="1"><lines><line number="100" hits="1"/><line number="101" hits="1"/><line number="103" hits="1"/><line number="104" hits="1"/><line number="105" hits="1"/><line number="110" hits="1"/><line number="20" hits="17"/><line number="30" hits="8"/><line number="34" hits="3"/><line number="35" hits="3"/><line number="38" hits="7"/><line number="42" hits="9"/><line number="43" hits="9"/><line number="47" hits="13"/><line number="51" hits="10"/><line number="52" hits="10"/><line number="56" hits="12"/><line number="60" hits="10"/><line number="61" hits="10"/><line number="65" hits="13"/><line number="69" hits="10"/><line number="70" hits="10"/><line number="73" hits="1"/><line number="77" hits="1"/><line number="82" hits="1"/><line number="83" hits="1"/><line number="84" hits="1"/><line number="85" hits="1"/><line number="86" hits="1"/><line number="87" hits="1"/><line number="88" hits="1"/><line number="89" hits="1"/><line number="94" hits="1"/><line number="95" hits="1"/><line number="97" hits="1"/><line number="98" hits="1"/></lines></class><class filename="src/main/java/com/parasoft/parabank/domain/LoanResponse.java" name="com.parasoft.parabank.domain.LoanResponse" line-rate="1"><lines><line number="103" hits="1"/><line number="22" hits="15"/><line number="32" hits="12"/><line number="36" hits="11"/><line number="37" hits="11"/><line number="41" hits="6"/><line number="45" hits="10"/><line number="46" hits="10"/><line number="49" hits="12"/><line number="53" hits="12"/><line number="54" hits="12"/><line number="58" hits="9"/><line number="62" hits="9"/><line number="63" hits="9"/><line number="66" hits="4"/><line number="70" hits="3"/><line number="71" hits="3"/><line number="75" hits="1"/><line number="76" hits="1"/><line number="77" hits="1"/><line number="78" hits="1"/><line number="79" hits="1"/><line number="80" hits="1"/><line number="81" hits="1"/><line number="82" hits="1"/><line number="87" hits="1"/><line number="88" hits="1"/><line number="90" hits="1"/><line number="91" hits="1"/><line number="93" hits="1"/><line number="94" hits="1"/><line number="95" hits="1"/><line number="97" hits="1"/><line number="98" hits="1"/></lines></class><class filename="src/main/java/com/parasoft/parabank/domain/Account.java" name="com.parasoft.parabank.domain.Account" line-rate="0.97368421052631578947"><lines><line number="100" hits="1"/><line number="101" hits="1"/><line number="105" hits="45"/><line number="106" hits="45"/><line number="109" hits="41"/><line number="110" hits="41"/><line number="113" hits="44"/><line number="114" hits="44"/><line number="118" hits="34"/><line number="119" hits="34"/><line number="122" hits="10"/><line number="123" hits="10"/><line number="127" hits="2"/><line number="17" hits="51"/><line number="42" hits="13"/><line number="43" hits="13"/><line number="46" hits="15"/><line number="47" hits="15"/><line number="51" hits="10"/><line number="52" hits="8"/><line number="54" hits="6"/><line number="55" hits="1"/><line number="57" hits="6"/><line number="58" hits="6"/><line number="59" hits="3"/><line number="65" hits="4"/><line number="69" hits="30"/><line number="73" hits="22"/><line number="77" hits="41"/><line number="83" hits="17"/><line number="84" hits="0"/><line number="86" hits="17"/><line number="90" hits="9"/><line number="95" hits="1"/><line number="96" hits="1"/><line number="97" hits="1"/><line number="98" hits="1"/><line number="99" hits="1"/></lines></class><class filename="src/main/java/com/parasoft/parabank/domain/Account.java" name="com.parasoft.parabank.domain.Account#AccountType" line-rate="1"><lines><line number="19" hits="38"/><line number="20" hits="1"/><line number="24" hits="1"/><line number="25" hits="1"/><line number="26" hits="1"/><line number="29" hits="1"/></lines></class><class filename="src/main/java/com/parasoft/parabank/domain/News.java" name="com.parasoft.parabank.domain.News" line-rate="0.81578947368421052632"><lines><line number="16" hits="6"/><line number="18" hits="6"/><line number="20" hits="0"/><line number="21" hits="0"/><line number="22" hits="0"/><line number="23" hits="0"/><line number="24" hits="0"/><line number="25" hits="0"/><line number="28" hits="2"/><line number="32" hits="3"/><line number="33" hits="3"/><line number="36" hits="2"/><line number="40" hits="3"/><line number="41" hits="3"/><line number="44" hits="1"/><line number="48" hits="3"/><line number="49" hits="3"/><line number="52" hits="1"/><line number="56" hits="3"/><line number="57" hits="3"/><line number="61" hits="1"/><line number="62" hits="1"/><line number="63" hits="1"/><line number="64" hits="1"/><line number="65" hits="1"/><line number="66" hits="1"/><line number="67" hits="1"/><line number="72" hits="1"/><line number="73" hits="1"/><line number="75" hits="1"/><line number="76" hits="1"/><line number="78" hits="1"/><line number="79" hits="1"/><line number="80" hits="1"/><line number="81" hits="1"/><line number="82" hits="1"/><line number="87" hits="1"/><line number="93" hits="0"/></lines></class><class filename="src/main/java/com/parasoft/parabank/domain/Address.java" name="com.parasoft.parabank.domain.Address" line-rate="1"><lines><line number="11" hits="41"/><line number="18" hits="16"/><line number="22" hits="33"/><line number="23" hits="33"/><line number="26" hits="16"/><line number="30" hits="33"/><line number="31" hits="33"/><line number="34" hits="16"/><line number="38" hits="33"/><line number="39" hits="33"/><line number="42" hits="16"/><line number="46" hits="33"/><line number="47" hits="33"/><line number="51" hits="3"/><line number="52" hits="3"/><line number="53" hits="3"/><line number="54" hits="3"/><line number="55" hits="3"/><line number="56" hits="3"/><line number="57" hits="3"/><line number="62" hits="6"/><line number="63" hits="3"/><line number="65" hits="6"/><line number="66" hits="6"/><line number="67" hits="6"/><line number="68" hits="6"/><line number="69" hits="6"/><line number="74" hits="15"/></lines></class><class filename="src/main/java/com/parasoft/parabank/domain/Payee.java" name="com.parasoft.parabank.domain.Payee" line-rate="1"><lines><line number="11" hits="7"/><line number="18" hits="3"/><line number="22" hits="3"/><line number="23" hits="3"/><line number="26" hits="2"/><line number="30" hits="3"/><line number="31" hits="3"/><line number="34" hits="2"/><line number="38" hits="3"/><line number="39" hits="3"/><line number="42" hits="2"/><line number="46" hits="3"/><line number="47" hits="3"/><line number="51" hits="1"/><line number="52" hits="1"/><line number="53" hits="1"/><line number="54" hits="1"/><line number="55" hits="1"/><line number="56" hits="1"/><line number="57" hits="1"/><line number="62" hits="1"/><line number="63" hits="1"/><line number="65" hits="1"/><line number="66" hits="1"/><line number="68" hits="1"/><line number="69" hits="1"/><line number="70" hits="1"/><line number="71" hits="1"/><line number="72" hits="1"/><line number="77" hits="1"/></lines></class><class filename="src/main/java/com/parasoft/parabank/domain/BillPayResult.java" name="com.parasoft.parabank.domain.BillPayResult" line-rate="0.53333333333333333333"><lines><line number="23" hits="0"/><line number="25" hits="1"/><line number="26" hits="1"/><line number="27" hits="1"/><line number="28" hits="1"/><line number="29" hits="1"/><line number="32" hits="1"/><line number="36" hits="0"/><line number="37" hits="0"/><line number="40" hits="1"/><line number="44" hits="0"/><line number="45" hits="0"/><line number="48" hits="1"/><line number="52" hits="0"/><line number="53" hits="0"/></lines></class><class filename="src/main/java/com/parasoft/parabank/domain/Position.java" name="com.parasoft.parabank.domain.Position" line-rate="1"><lines><line number="100" hits="6"/><line number="101" hits="6"/><line number="103" hits="4"/><line number="104" hits="4"/><line number="106" hits="4"/><line number="111" hits="1"/><line number="17" hits="33"/><line number="26" hits="12"/><line number="30" hits="24"/><line number="31" hits="24"/><line number="34" hits="9"/><line number="38" hits="19"/><line number="39" hits="19"/><line number="42" hits="8"/><line number="46" hits="13"/><line number="47" hits="13"/><line number="50" hits="11"/><line number="54" hits="24"/><line number="55" hits="24"/><line number="58" hits="10"/><line number="62" hits="15"/><line number="63" hits="15"/><line number="66" hits="10"/><line number="70" hits="14"/><line number="71" hits="14"/><line number="76" hits="3"/><line number="81" hits="1"/><line number="82" hits="1"/><line number="83" hits="1"/><line number="84" hits="1"/><line number="85" hits="1"/><line number="86" hits="1"/><line number="87" hits="1"/><line number="88" hits="1"/><line number="89" hits="1"/><line number="94" hits="8"/><line number="95" hits="5"/><line number="97" hits="6"/><line number="98" hits="1"/></lines></class><class filename="src/main/java/com/parasoft/parabank/domain/Transaction.java" name="com.parasoft.parabank.domain.Transaction" line-rate="1"><lines><line number="100" hits="35"/><line number="103" hits="32"/><line number="104" hits="32"/><line number="107" hits="32"/><line number="108" hits="32"/><line number="111" hits="32"/><line number="112" hits="32"/><line number="115" hits="35"/><line number="116" hits="35"/><line number="120" hits="17"/><line number="121" hits="17"/><line number="124" hits="27"/><line number="125" hits="27"/><line number="129" hits="1"/><line number="22" hits="38"/><line number="41" hits="3"/><line number="42" hits="2"/><line number="44" hits="2"/><line number="45" hits="1"/><line number="47" hits="2"/><line number="48" hits="2"/><line number="49" hits="2"/><line number="50" hits="2"/><line number="54" hits="21"/><line number="58" hits="20"/><line number="64" hits="16"/><line number="68" hits="19"/><line number="72" hits="25"/><line number="78" hits="15"/><line number="82" hits="8"/><line number="87" hits="1"/><line number="88" hits="1"/><line number="89" hits="1"/><line number="90" hits="1"/><line number="91" hits="1"/><line number="92" hits="1"/><line number="93" hits="1"/><line number="94" hits="1"/><line number="95" hits="1"/><line number="99" hits="35"/></lines></class><class filename="src/main/java/com/parasoft/parabank/domain/Transaction.java" name="com.parasoft.parabank.domain.Transaction#TransactionType" line-rate="1"><lines><line number="23" hits="36"/><line number="24" hits="1"/></lines></class><class filename="src/main/java/com/parasoft/parabank/domain/TransactionCriteria.java" name="com.parasoft.parabank.domain.TransactionCriteria" line-rate="1"><lines><line number="100" hits="3"/><line number="103" hits="14"/><line number="107" hits="14"/><line number="108" hits="14"/><line number="14" hits="17"/><line number="38" hits="2"/><line number="47" hits="3"/><line number="51" hits="2"/><line number="52" hits="2"/><line number="55" hits="3"/><line number="59" hits="2"/><line number="60" hits="2"/><line number="63" hits="4"/><line number="67" hits="3"/><line number="68" hits="3"/><line number="71" hits="5"/><line number="75" hits="4"/><line number="76" hits="4"/><line number="79" hits="4"/><line number="83" hits="3"/><line number="84" hits="3"/><line number="87" hits="4"/><line number="91" hits="3"/><line number="92" hits="3"/><line number="95" hits="5"/><line number="99" hits="3"/></lines></class><class filename="src/main/java/com/parasoft/parabank/domain/TransactionCriteria.java" name="com.parasoft.parabank.domain.TransactionCriteria#1" line-rate="1"><lines><line number="38" hits="2"/><line number="41" hits="1"/></lines></class><class filename="src/main/java/com/parasoft/parabank/domain/TransactionCriteria.java" name="com.parasoft.parabank.domain.TransactionCriteria#SearchType" line-rate="1"><lines><line number="15" hits="4"/><line number="16" hits="1"/></lines></class></classes></package><package name="com.parasoft.bookstore.jdbc" line-rate="0.72222222222222222222"><classes><class filename="src/main/java/com/parasoft/bookstore/jdbc/JdbcBookstoreDao.java" name="com.parasoft.bookstore.jdbc.JdbcBookstoreDao" line-rate="0.72222222222222222222"><lines><line number="16" hits="2"/><line number="17" hits="1"/><line number="21" hits="1"/><line number="23" hits="1"/><line number="33" hits="0"/><line number="43" hits="0"/><line number="54" hits="0"/><line number="64" hits="3"/><line number="65" hits="3"/><line number="67" hits="3"/><line number="68" hits="3"/><line number="69" hits="3"/><line number="71" hits="3"/><line number="72" hits="3"/><line number="74" hits="0"/><line number="77" hits="3"/><line number="78" hits="3"/><line number="89" hits="0"/></lines></class></classes></package><package name="com.parasoft.parabank.dao.jdbc.internal" line-rate="0.88888888888888888889"><classes><class filename="src/main/java/com/parasoft/parabank/dao/jdbc/internal/SampleJdbcDynamicDataInserter.java" name="com.parasoft.parabank.dao.jdbc.internal.SampleJdbcDynamicDataInserter" line-rate="0"><lines><line number="14" hits="0"/><line number="23" hits="0"/><line number="7" hits="0"/></lines></class><class filename="src/main/java/com/parasoft/parabank/dao/jdbc/internal/StockDataInserter.java" name="com.parasoft.parabank.dao.jdbc.internal.StockDataInserter" line-rate="0.94117647058823529412"><lines><line number="100" hits="7"/><line number="101" hits="7"/><line number="102" hits="0"/><line number="103" hits="0"/><line number="105" hits="7"/><line number="106" hits="7"/><line number="107" hits="0"/><line number="109" hits="7"/><line number="112" hits="2"/><line number="113" hits="2"/><line number="18" hits="1"/><line number="26" hits="2"/><line number="27" hits="2"/><line number="28" hits="2"/><line number="29" hits="2"/><line number="34" hits="20"/><line number="35" hits="20"/><line number="40" hits="7"/><line number="41" hits="7"/><line number="42" hits="7"/><line number="43" hits="7"/><line number="47" hits="7"/><line number="49" hits="7"/><line number="50" hits="7"/><line number="51" hits="7"/><line number="52" hits="7"/><line number="54" hits="7"/><line number="71" hits="7"/><line number="72" hits="7"/><line number="73" hits="7"/><line number="75" hits="7"/><line number="76" hits="7"/><line number="77" hits="7"/><line number="78" hits="7"/><line number="79" hits="7"/><line number="80" hits="7"/><line number="81" hits="7"/><line number="82" hits="7"/><line number="83" hits="7"/><line number="84" hits="7"/><line number="87" hits="7"/><line number="88" hits="7"/><line number="91" hits="7"/><line number="92" hits="7"/><line number="93" hits="7"/><line number="94" hits="7"/><line number="95" hits="7"/><line number="96" hits="7"/><line number="97" hits="7"/><line number="98" hits="7"/><line number="99" hits="7"/></lines></class></classes></package><package name="com.parasoft.parabank.util" line-rate="0.14771241830065359477"><classes><class filename="src/main/java/com/parasoft/parabank/util/ParaBankBeanPostProcessor.java" name="com.parasoft.parabank.util.ParaBankBeanPostProcessor" line-rate="0.36"><lines><line number="111" hits="0"/><line number="112" hits="0"/><line number="24" hits="1"/><line number="25" hits="1"/><line number="41" hits="0"/><line number="42" hits="0"/><line number="43" hits="0"/><line number="44" hits="0"/><line number="45" hits="0"/><line number="47" hits="0"/><line number="48" hits="0"/><line number="49" hits="0"/><line number="50" hits="0"/><line number="52" hits="0"/><line number="54" hits="0"/><line number="67" hits="0"/><line number="68" hits="0"/><line number="70" hits="0"/><line number="76" hits="2"/><line number="78" hits="2"/><line number="79" hits="1"/><line number="80" hits="1"/><line number="81" hits="1"/><line number="90" hits="2"/><line number="96" hits="2"/></lines></class><class filename="src/main/java/com/parasoft/parabank/util/ServerBean.java" name="com.parasoft.parabank.util.ServerBean" line-rate="0.4"><lines><line number="108" hits="0"/><line number="109" hits="0"/><line number="110" hits="0"/><line number="112" hits="0"/><line number="114" hits="0"/><line number="115" hits="0"/><line number="117" hits="0"/><line number="130" hits="2"/><line number="144" hits="0"/><line number="158" hits="0"/><line number="172" hits="0"/><line number="186" hits="0"/><line number="200" hits="0"/><line number="217" hits="2"/><line number="218" hits="2"/><line number="221" hits="1"/><line number="222" hits="1"/><line number="236" hits="1"/><line number="237" hits="1"/><line number="240" hits="2"/><line number="241" hits="2"/><line number="255" hits="0"/><line number="256" hits="0"/><line number="259" hits="2"/><line number="260" hits="2"/><line number="27" hits="2"/><line number="271" hits="0"/><line number="272" hits="0"/><line number="273" hits="0"/><line number="275" hits="0"/><line number="276" hits="0"/><line number="277" hits="0"/><line number="278" hits="0"/><line number="280" hits="0"/><line number="281" hits="0"/><line number="282" hits="0"/><line number="284" hits="0"/><line number="285" hits="0"/><line number="286" hits="0"/><line number="287" hits="0"/><line number="288" hits="0"/><line number="29" hits="1"/><line number="290" hits="0"/><line number="291" hits="0"/><line number="293" hits="0"/><line number="294" hits="0"/><line number="295" hits="0"/><line number="297" hits="0"/><line number="298" hits="0"/><line number="299" hits="0"/><line number="300" hits="0"/><line number="301" hits="0"/><line number="302" hits="0"/><line number="304" hits="0"/><line number="39" hits="2"/><line number="42" hits="2"/><line number="47" hits="2"/><line number="49" hits="2"/><line number="51" hits="2"/><line number="52" hits="2"/><line number="53" hits="2"/><line number="54" hits="2"/><line number="55" hits="2"/><line number="56" hits="2"/><line number="57" hits="2"/><line number="58" hits="2"/><line number="61" hits="2"/><line number="62" hits="2"/><line number="65" hits="2"/><line number="66" hits="2"/><line number="68" hits="2"/><line number="70" hits="2"/><line number="72" hits="2"/><line number="73" hits="2"/><line number="74" hits="2"/><line number="84" hits="0"/><line number="85" hits="0"/><line number="87" hits="0"/><line number="88" hits="0"/><line number="89" hits="0"/><line number="91" hits="0"/><line number="93" hits="0"/><line number="94" hits="0"/><line number="95" hits="0"/><line number="96" hits="0"/></lines></class><class filename="src/main/java/com/parasoft/parabank/util/AccessModeController.java" name="com.parasoft.parabank.util.AccessModeController" line-rate="0.04453441295546558704"><lines><line number="116" hits="0"/><line number="117" hits="0"/><line number="123" hits="0"/><line number="124" hits="0"/><line number="125" hits="0"/><line number="126" hits="0"/><line number="128" hits="0"/><line number="129" hits="0"/><line number="132" hits="0"/><line number="134" hits="0"/><line number="135" hits="0"/><line number="136" hits="0"/><line number="137" hits="0"/><line number="139" hits="0"/><line number="140" hits="0"/><line number="144" hits="0"/><line number="145" hits="0"/><line number="146" hits="0"/><line number="148" hits="0"/><line number="150" hits="0"/><line number="152" hits="0"/><line number="154" hits="0"/><line number="156" hits="0"/><line number="157" hits="0"/><line number="159" hits="0"/><line number="161" hits="0"/><line number="163" hits="0"/><line number="164" hits="0"/><line number="166" hits="0"/><line number="167" hits="0"/><line number="168" hits="0"/><line number="169" hits="0"/><line number="172" hits="0"/><line number="178" hits="0"/><line number="180" hits="0"/><line number="181" hits="0"/><line number="182" hits="0"/><line number="183" hits="0"/><line number="184" hits="0"/><line number="185" hits="0"/><line number="186" hits="0"/><line number="187" hits="0"/><line number="188" hits="0"/><line number="189" hits="0"/><line number="190" hits="0"/><line number="191" hits="0"/><line number="195" hits="0"/><line number="200" hits="0"/><line number="201" hits="0"/><line number="202" hits="0"/><line number="203" hits="0"/><line number="204" hits="0"/><line number="205" hits="0"/><line number="206" hits="0"/><line number="207" hits="0"/><line number="208" hits="0"/><line number="209" hits="0"/><line number="210" hits="0"/><line number="211" hits="0"/><line number="212" hits="0"/><line number="227" hits="0"/><line number="229" hits="0"/><line number="230" hits="0"/><line number="231" hits="0"/><line number="232" hits="0"/><line number="233" hits="0"/><line number="234" hits="0"/><line number="235" hits="0"/><line number="236" hits="0"/><line number="237" hits="0"/><line number="239" hits="0"/><line number="240" hits="0"/><line number="241" hits="0"/><line number="243" hits="0"/><line number="244" hits="0"/><line number="246" hits="0"/><line number="247" hits="0"/><line number="248" hits="0"/><line number="249" hits="0"/><line number="250" hits="0"/><line number="253" hits="0"/><line number="254" hits="0"/><line number="255" hits="0"/><line number="256" hits="0"/><line number="257" hits="0"/><line number="259" hits="0"/><line number="266" hits="0"/><line number="268" hits="0"/><line number="269" hits="0"/><line number="270" hits="0"/><line number="271" hits="0"/><line number="272" hits="0"/><line number="273" hits="0"/><line number="274" hits="0"/><line number="275" hits="0"/><line number="276" hits="0"/><line number="278" hits="0"/><line number="279" hits="0"/><line number="280" hits="0"/><line number="282" hits="0"/><line number="284" hits="0"/><line number="285" hits="0"/><line number="286" hits="0"/><line number="288" hits="0"/><line number="289" hits="0"/><line number="290" hits="0"/><line number="295" hits="0"/><line number="296" hits="0"/><line number="297" hits="0"/><line number="298" hits="0"/><line number="300" hits="0"/><line number="311" hits="0"/><line number="312" hits="0"/><line number="313" hits="0"/><line number="314" hits="0"/><line number="316" hits="0"/><line number="317" hits="0"/><line number="320" hits="0"/><line number="321" hits="0"/><line number="322" hits="0"/><line number="323" hits="0"/><line number="324" hits="0"/><line number="326" hits="0"/><line number="327" hits="0"/><line number="331" hits="0"/><line number="332" hits="0"/><line number="333" hits="0"/><line number="335" hits="0"/><line number="336" hits="0"/><line number="338" hits="0"/><line number="340" hits="0"/><line number="341" hits="0"/><line number="343" hits="0"/><line number="345" hits="0"/><line number="346" hits="0"/><line number="347" hits="0"/><line number="348" hits="0"/><line number="349" hits="0"/><line number="350" hits="0"/><line number="351" hits="0"/><line number="354" hits="0"/><line number="368" hits="0"/><line number="369" hits="0"/><line number="372" hits="0"/><line number="373" hits="0"/><line number="374" hits="0"/><line number="376" hits="0"/><line number="377" hits="0"/><line number="380" hits="0"/><line number="381" hits="0"/><line number="382" hits="0"/><line number="383" hits="0"/><line number="384" hits="0"/><line number="386" hits="0"/><line number="387" hits="0"/><line number="391" hits="0"/><line number="392" hits="0"/><line number="393" hits="0"/><line number="395" hits="0"/><line number="397" hits="0"/><line number="399" hits="0"/><line number="400" hits="0"/><line number="401" hits="0"/><line number="403" hits="0"/><line number="405" hits="0"/><line number="407" hits="0"/><line number="409" hits="0"/><line number="411" hits="0"/><line number="412" hits="0"/><line number="413" hits="0"/><line number="414" hits="0"/><line number="415" hits="0"/><line number="416" hits="0"/><line number="419" hits="0"/><line number="431" hits="0"/><line number="432" hits="0"/><line number="433" hits="0"/><line number="435" hits="0"/><line number="436" hits="0"/><line number="439" hits="0"/><line number="441" hits="0"/><line number="442" hits="0"/><line number="443" hits="0"/><line number="444" hits="0"/><line number="446" hits="0"/><line number="447" hits="0"/><line number="451" hits="0"/><line number="452" hits="0"/><line number="453" hits="0"/><line number="455" hits="0"/><line number="457" hits="0"/><line number="458" hits="0"/><line number="460" hits="0"/><line number="462" hits="0"/><line number="463" hits="0"/><line number="465" hits="0"/><line number="467" hits="0"/><line number="469" hits="0"/><line number="470" hits="0"/><line number="471" hits="0"/><line number="472" hits="0"/><line number="473" hits="0"/><line number="474" hits="0"/><line number="477" hits="0"/><line number="491" hits="0"/><line number="492" hits="0"/><line number="493" hits="0"/><line number="494" hits="0"/><line number="496" hits="0"/><line number="497" hits="0"/><line number="500" hits="0"/><line number="502" hits="0"/><line number="503" hits="0"/><line number="504" hits="0"/><line number="505" hits="0"/><line number="507" hits="0"/><line number="508" hits="0"/><line number="512" hits="0"/><line number="514" hits="0"/><line number="515" hits="0"/><line number="517" hits="0"/><line number="518" hits="0"/><line number="520" hits="0"/><line number="522" hits="0"/><line number="523" hits="0"/><line number="525" hits="0"/><line number="527" hits="0"/><line number="528" hits="0"/><line number="529" hits="0"/><line number="530" hits="0"/><line number="531" hits="0"/><line number="532" hits="0"/><line number="533" hits="0"/><line number="536" hits="0"/><line number="550" hits="0"/><line number="551" hits="0"/><line number="552" hits="0"/><line number="554" hits="0"/><line number="555" hits="0"/><line number="558" hits="0"/><line number="559" hits="0"/><line number="561" hits="0"/><line number="562" hits="0"/><line number="563" hits="0"/><line number="564" hits="0"/><line number="565" hits="0"/><line number="567" hits="0"/><line number="568" hits="0"/><line number="572" hits="0"/><line number="573" hits="0"/><line number="574" hits="0"/><line number="576" hits="0"/><line number="579" hits="0"/><line number="580" hits="0"/><line number="581" hits="0"/><line number="582" hits="0"/><line number="584" hits="0"/><line number="586" hits="0"/><line number="588" hits="0"/><line number="589" hits="0"/><line number="59" hits="1"/><line number="590" hits="0"/><line number="592" hits="0"/><line number="593" hits="0"/><line number="594" hits="0"/><line number="597" hits="0"/><line number="615" hits="0"/><line number="617" hits="0"/><line number="618" hits="0"/><line number="619" hits="0"/><line number="621" hits="0"/><line number="622" hits="0"/><line number="625" hits="0"/><line number="626" hits="0"/><line number="627" hits="0"/><line number="628" hits="0"/><line number="629" hits="0"/><line number="631" hits="0"/><line number="632" hits="0"/><line number="636" hits="0"/><line number="638" hits="0"/><line number="639" hits="0"/><line number="641" hits="0"/><line number="643" hits="0"/><line number="645" hits="0"/><line number="646" hits="0"/><line number="647" hits="0"/><line number="648" hits="0"/><line number="650" hits="0"/><line number="652" hits="0"/><line number="653" hits="0"/><line number="654" hits="0"/><line number="656" hits="0"/><line number="657" hits="0"/><line number="658" hits="0"/><line number="659" hits="0"/><line number="66" hits="1"/><line number="662" hits="0"/><line number="67" hits="1"/><line number="676" hits="0"/><line number="677" hits="0"/><line number="678" hits="0"/><line number="679" hits="0"/><line number="681" hits="0"/><line number="682" hits="0"/><line number="685" hits="0"/><line number="687" hits="0"/><line number="688" hits="0"/><line number="689" hits="0"/><line number="690" hits="0"/><line number="692" hits="0"/><line number="693" hits="0"/><line number="697" hits="0"/><line number="698" hits="0"/><line number="699" hits="0"/><line number="70" hits="1"/><line number="701" hits="0"/><line number="704" hits="0"/><line number="705" hits="0"/><line number="709" hits="0"/><line number="711" hits="0"/><line number="712" hits="0"/><line number="714" hits="0"/><line number="716" hits="0"/><line number="719" hits="0"/><line number="720" hits="0"/><line number="721" hits="0"/><line number="722" hits="0"/><line number="724" hits="0"/><line number="738" hits="0"/><line number="739" hits="0"/><line number="741" hits="0"/><line number="742" hits="0"/><line number="744" hits="0"/><line number="745" hits="0"/><line number="748" hits="0"/><line number="749" hits="0"/><line number="750" hits="0"/><line number="751" hits="0"/><line number="752" hits="0"/><line number="753" hits="0"/><line number="754" hits="0"/><line number="755" hits="0"/><line number="759" hits="0"/><line number="760" hits="0"/><line number="761" hits="0"/><line number="762" hits="0"/><line number="763" hits="0"/><line number="765" hits="0"/><line number="766" hits="0"/><line number="767" hits="0"/><line number="768" hits="0"/><line number="769" hits="0"/><line number="770" hits="0"/><line number="771" hits="0"/><line number="773" hits="0"/><line number="777" hits="0"/><line number="778" hits="0"/><line number="779" hits="0"/><line number="780" hits="0"/><line number="784" hits="15"/><line number="790" hits="0"/><line number="792" hits="0"/><line number="793" hits="0"/><line number="794" hits="0"/><line number="797" hits="0"/><line number="798" hits="0"/><line number="799" hits="0"/><line number="80" hits="1"/><line number="801" hits="0"/><line number="802" hits="0"/><line number="805" hits="0"/><line number="807" hits="0"/><line number="809" hits="0"/><line number="81" hits="1"/><line number="810" hits="0"/><line number="811" hits="0"/><line number="812" hits="0"/><line number="814" hits="0"/><line number="815" hits="0"/><line number="819" hits="0"/><line number="82" hits="1"/><line number="820" hits="0"/><line number="821" hits="0"/><line number="822" hits="0"/><line number="823" hits="0"/><line number="824" hits="0"/><line number="825" hits="0"/><line number="826" hits="0"/><line number="827" hits="0"/><line number="829" hits="0"/><line number="83" hits="1"/><line number="831" hits="0"/><line number="833" hits="0"/><line number="834" hits="0"/><line number="835" hits="0"/><line number="836" hits="0"/><line number="837" hits="0"/><line number="838" hits="0"/><line number="839" hits="0"/><line number="842" hits="0"/><line number="848" hits="0"/><line number="849" hits="0"/><line number="850" hits="0"/><line number="851" hits="0"/><line number="852" hits="0"/><line number="853" hits="0"/><line number="854" hits="0"/><line number="855" hits="0"/><line number="856" hits="0"/><line number="857" hits="0"/><line number="858" hits="0"/><line number="859" hits="0"/><line number="860" hits="0"/><line number="864" hits="0"/><line number="878" hits="15"/><line number="880" hits="15"/><line number="881" hits="15"/><line number="882" hits="15"/><line number="883" hits="15"/><line number="886" hits="15"/><line number="887" hits="15"/><line number="890" hits="15"/><line number="892" hits="0"/><line number="893" hits="0"/><line number="894" hits="0"/><line number="895" hits="0"/><line number="897" hits="0"/><line number="898" hits="0"/><line number="903" hits="0"/><line number="904" hits="0"/><line number="905" hits="0"/><line number="907" hits="0"/><line number="908" hits="0"/><line number="910" hits="15"/><line number="912" hits="0"/><line number="913" hits="0"/><line number="914" hits="0"/><line number="916" hits="0"/><line number="917" hits="0"/><line number="920" hits="0"/><line number="921" hits="0"/><line number="922" hits="0"/><line number="924" hits="0"/><line number="925" hits="0"/><line number="928" hits="0"/><line number="930" hits="0"/><line number="931" hits="0"/><line number="932" hits="0"/><line number="933" hits="0"/><line number="934" hits="0"/><line number="935" hits="0"/><line number="936" hits="0"/><line number="937" hits="0"/><line number="939" hits="15"/><line number="940" hits="15"/><line number="941" hits="15"/><line number="944" hits="15"/><line number="948" hits="0"/><line number="949" hits="0"/><line number="952" hits="0"/><line number="953" hits="0"/><line number="957" hits="0"/><line number="958" hits="0"/><line number="959" hits="0"/><line number="961" hits="0"/><line number="962" hits="0"/><line number="965" hits="0"/><line number="967" hits="0"/><line number="969" hits="0"/><line number="970" hits="0"/><line number="971" hits="0"/><line number="972" hits="0"/><line number="974" hits="0"/><line number="975" hits="0"/><line number="979" hits="0"/><line number="981" hits="0"/><line number="982" hits="0"/><line number="983" hits="0"/><line number="984" hits="0"/><line number="985" hits="0"/><line number="986" hits="0"/><line number="987" hits="0"/><line number="988" hits="0"/><line number="989" hits="0"/><line number="99" hits="0"/><line number="990" hits="0"/><line number="991" hits="0"/><line number="992" hits="0"/><line number="993" hits="0"/><line number="994" hits="0"/><line number="995" hits="0"/><line number="996" hits="0"/><line number="998" hits="0"/></lines></class><class filename="src/main/java/com/parasoft/parabank/util/SessionParamArgumentResolver.java" name="com.parasoft.parabank.util.SessionParamArgumentResolver" line-rate="0.80952380952380952381"><lines><line number="101" hits="15"/><line number="102" hits="15"/><line number="108" hits="10"/><line number="49" hits="5"/><line number="51" hits="1"/><line number="72" hits="15"/><line number="73" hits="15"/><line number="74" hits="15"/><line number="75" hits="15"/><line number="77" hits="15"/><line number="78" hits="15"/><line number="79" hits="15"/><line number="80" hits="15"/><line number="81" hits="15"/><line number="86" hits="15"/><line number="87" hits="0"/><line number="88" hits="0"/><line number="90" hits="15"/><line number="91" hits="0"/><line number="92" hits="0"/><line number="94" hits="15"/></lines></class><class filename="src/main/java/com/parasoft/parabank/util/Accounts.java" name="com.parasoft.parabank.util.Accounts" line-rate="0"><lines><line number="14" hits="0"/><line number="15" hits="0"/><line number="22" hits="0"/><line number="27" hits="0"/><line number="28" hits="0"/><line number="32" hits="0"/></lines></class><class filename="src/main/java/com/parasoft/parabank/util/Transactions.java" name="com.parasoft.parabank.util.Transactions" line-rate="0"><lines><line number="14" hits="0"/><line number="15" hits="0"/><line number="21" hits="0"/><line number="25" hits="0"/><line number="26" hits="0"/></lines></class><class filename="src/main/java/com/parasoft/parabank/util/CustomRamlGenerator.java" name="com.paras
[...]
ine number="47" hits="2"/><line number="49" hits="2"/><line number="50" hits="2"/><line number="53" hits="2"/><line number="54" hits="0"/><line number="59" hits="1"/><line number="60" hits="1"/><line number="63" hits="1"/><line number="64" hits="1"/><line number="65" hits="1"/><line number="66" hits="1"/><line number="67" hits="1"/><line number="68" hits="1"/><line number="69" hits="1"/><line number="71" hits="1"/><line number="76" hits="0"/><line number="77" hits="0"/><line number="80" hits="0"/><line number="81" hits="0"/><line number="87" hits="1"/><line number="88" hits="1"/></lines></class><class filename="src/main/java/com/parasoft/parabank/web/controller/ContactController.java" name="com.parasoft.parabank.web.controller.ContactController" line-rate="0.94117647058823529412"><lines><line number="29" hits="4"/><line number="33" hits="1"/><line number="34" hits="1"/><line number="42" hits="2"/><line number="43" hits="1"/><line number="46" hits="1"/><line number="47" hits="1"/><line number="49" hits="1"/><line number="56" hits="0"/><line number="62" hits="1"/><line number="63" hits="1"/><line number="69" hits="1"/><line number="70" hits="1"/><line number="76" hits="1"/><line number="77" hits="1"/><line number="82" hits="1"/><line number="83" hits="1"/></lines></class><class filename="src/main/java/com/parasoft/parabank/web/controller/LoginController.java" name="com.parasoft.parabank.web.controller.LoginController" line-rate="0.875"><lines><line number="26" hits="4"/><line number="27" hits="1"/><line number="40" hits="3"/><line number="41" hits="3"/><line number="42" hits="3"/><line number="43" hits="3"/><line number="44" hits="0"/><line number="46" hits="3"/><line number="50" hits="3"/><line number="51" hits="1"/><line number="52" hits="1"/><line number="55" hits="3"/><line number="57" hits="3"/><line number="59" hits="3"/><line number="60" hits="1"/><line number="61" hits="1"/><line number="64" hits="2"/><line number="65" hits="2"/><line number="69" hits="2"/><line number="70" hits="1"/><line number="73" hits="1"/><line number="75" hits="1"/><line number="83" hits="0"/><line number="84" hits="0"/></lines></class><class filename="src/main/java/com/parasoft/parabank/web/controller/CustomerLookupController.java" name="com.parasoft.parabank.web.controller.CustomerLookupController" line-rate="0.95652173913043478261"><lines><line number="32" hits="3"/><line number="33" hits="1"/><line number="37" hits="2"/><line number="38" hits="2"/><line number="45" hits="2"/><line number="46" hits="1"/><line number="49" hits="1"/><line number="50" hits="1"/><line number="51" hits="1"/><line number="52" hits="1"/><line number="53" hits="1"/><line number="56" hits="1"/><line number="57" hits="1"/><line number="59" hits="1"/><line number="66" hits="0"/><line number="72" hits="1"/><line number="73" hits="1"/><line number="79" hits="1"/><line number="80" hits="1"/><line number="86" hits="1"/><line number="87" hits="1"/><line number="93" hits="1"/><line number="94" hits="1"/></lines></class><class filename="src/main/java/com/parasoft/parabank/web/controller/AbstractBankController.java" name="com.parasoft.parabank.web.controller.AbstractBankController" line-rate="0.7"><lines><line number="106" hits="24"/><line number="111" hits="0"/><line number="112" hits="0"/><line number="116" hits="0"/><line number="117" hits="0"/><line number="121" hits="13"/><line number="122" hits="13"/><line number="126" hits="17"/><line number="127" hits="17"/><line number="128" hits="0"/><line number="130" hits="17"/><line number="131" hits="17"/><line number="133" hits="17"/><line number="139" hits="1"/><line number="140" hits="1"/><line number="143" hits="28"/><line number="144" hits="28"/><line number="158" hits="2"/><line number="159" hits="2"/><line number="173" hits="1"/><line number="174" hits="1"/><line number="188" hits="1"/><line number="189" hits="1"/><line number="20" hits="33"/><line number="44" hits="0"/><line number="58" hits="0"/><line number="63" hits="0"/><line number="64" hits="0"/><line number="78" hits="13"/><line number="92" hits="18"/></lines></class><class filename="src/main/java/com/parasoft/parabank/web/controller/TransferController.java" name="com.parasoft.parabank.web.controller.TransferController" line-rate="0.82608695652173913043"><lines><line number="31" hits="2"/><line number="43" hits="1"/><line number="44" hits="1"/><line number="46" hits="1"/><line number="47" hits="1"/><line number="48" hits="1"/><line number="49" hits="1"/><line number="50" hits="1"/><line number="55" hits="1"/><line number="60" hits="1"/><line number="61" hits="1"/><line number="66" hits="0"/><line number="67" hits="0"/><line number="70" hits="0"/><line number="71" hits="0"/><line number="77" hits="2"/><line number="78" hits="2"/><line number="84" hits="1"/><line number="85" hits="1"/><line number="91" hits="1"/><line number="92" hits="1"/><line number="97" hits="1"/><line number="98" hits="1"/></lines></class><class filename="src/main/java/com/parasoft/parabank/web/controller/LogoutController.java" name="com.parasoft.parabank.web.controller.LogoutController" line-rate="0.91666666666666666667"><lines><line number="18" hits="2"/><line number="22" hits="1"/><line number="23" hits="1"/><line number="24" hits="1"/><line number="25" hits="1"/><line number="27" hits="1"/><line number="29" hits="1"/><line number="34" hits="1"/><line number="35" hits="1"/><line number="36" hits="1"/><line number="38" hits="1"/><line number="52" hits="0"/></lines></class><class filename="src/main/java/com/parasoft/parabank/web/controller/DatabaseController.java" name="com.parasoft.parabank.web.controller.DatabaseController" line-rate="1"><lines><line number="20" hits="1"/><line number="24" hits="1"/><line number="37" hits="1"/><line number="38" hits="1"/><line number="43" hits="1"/><line number="45" hits="1"/><line number="46" hits="1"/><line number="47" hits="1"/><line number="48" hits="1"/><line number="49" hits="1"/><line number="51" hits="1"/><line number="52" hits="1"/><line number="53" hits="1"/><line number="54" hits="1"/><line number="55" hits="1"/><line number="57" hits="1"/><line number="59" hits="1"/><line number="60" hits="1"/><line number="64" hits="1"/></lines></class><class filename="src/main/java/com/parasoft/parabank/web/controller/UpdateCustomerController.java" name="com.parasoft.parabank.web.controller.UpdateCustomerController" line-rate="0.74358974358974358974"><lines><line number="102" hits="1"/><line number="107" hits="0"/><line number="108" hits="0"/><line number="111" hits="0"/><line number="112" hits="0"/><line number="118" hits="1"/><line number="119" hits="1"/><line number="125" hits="1"/><line number="126" hits="1"/><line number="132" hits="1"/><line number="133" hits="1"/><line number="139" hits="3"/><line number="140" hits="3"/><line number="37" hits="3"/><line number="38" hits="1"/><line number="48" hits="0"/><line number="49" hits="0"/><line number="64" hits="2"/><line number="65" hits="2"/><line number="66" hits="2"/><line number="67" hits="2"/><line number="68" hits="2"/><line number="69" hits="2"/><line number="70" hits="2"/><line number="77" hits="2"/><line number="78" hits="1"/><line number="83" hits="1"/><line number="85" hits="1"/><line number="86" hits="1"/><line number="88" hits="1"/><line number="89" hits="1"/><line number="90" hits="0"/><line number="91" hits="0"/><line number="92" hits="0"/><line number="93" hits="0"/><line number="96" hits="1"/><line number="97" hits="1"/><line number="98" hits="1"/><line number="99" hits="1"/></lines></class><class filename="src/main/java/com/parasoft/parabank/web/controller/AbstractBaseAdminController.java" name="com.parasoft.parabank.web.controller.AbstractBaseAdminController" line-rate="0.78125"><lines><line number="109" hits="0"/><line number="114" hits="7"/><line number="119" hits="7"/><line number="133" hits="2"/><line number="134" hits="2"/><line number="135" hits="2"/><line number="136" hits="2"/><line number="137" hits="2"/><line number="138" hits="2"/><line number="144" hits="0"/><line number="147" hits="2"/><line number="148" hits="2"/><line number="154" hits="1"/><line number="155" hits="1"/><line number="161" hits="1"/><line number="162" hits="1"/><line number="168" hits="1"/><line number="169" hits="1"/><line number="172" hits="0"/><line number="173" hits="0"/><line number="176" hits="0"/><line number="177" hits="0"/><line number="182" hits="1"/><line number="183" hits="1"/><line number="33" hits="1"/><line number="45" hits="4"/><line number="46" hits="4"/><line number="59" hits="7"/><line number="75" hits="4"/><line number="76" hits="4"/><line number="90" hits="0"/><line number="95" hits="7"/></lines></class><class filename="src/main/java/com/parasoft/parabank/web/controller/NewsController.java" name="com.parasoft.parabank.web.controller.NewsController" line-rate="0.06666666666666666667"><lines><line number="27" hits="1"/><line number="35" hits="0"/><line number="36" hits="0"/><line number="41" hits="0"/><line number="42" hits="0"/><line number="43" hits="0"/><line number="44" hits="0"/><line number="45" hits="0"/><line number="46" hits="0"/><line number="48" hits="0"/><line number="49" hits="0"/><line number="51" hits="0"/><line number="52" hits="0"/><line number="53" hits="0"/><line number="56" hits="0"/></lines></class><class filename="src/main/java/com/parasoft/parabank/web/controller/ErrorController.java" name="com.parasoft.parabank.web.controller.ErrorController" line-rate="0.85714285714285714286"><lines><line number="26" hits="2"/><line number="27" hits="1"/><line number="32" hits="1"/><line number="33" hits="1"/><line number="34" hits="1"/><line number="35" hits="1"/><line number="36" hits="1"/><line number="37" hits="1"/><line number="38" hits="1"/><line number="39" hits="0"/><line number="40" hits="1"/><line number="41" hits="1"/><line number="43" hits="1"/><line number="44" hits="0"/><line number="46" hits="1"/><line number="48" hits="1"/><line number="53" hits="1"/><line number="54" hits="1"/><line number="55" hits="1"/><line number="56" hits="1"/><line number="62" hits="0"/></lines></class><class filename="src/main/java/com/parasoft/parabank/web/controller/AbstractValidatingBankController.java" name="com.parasoft.parabank.web.controller.AbstractValidatingBankController" line-rate="1"><lines><line number="10" hits="21"/><line number="29" hits="24"/><line number="34" hits="24"/><line number="35" hits="24"/></lines></class><class filename="src/main/java/com/parasoft/parabank/web/controller/OpenAccountController.java" name="com.parasoft.parabank.web.controller.OpenAccountController" line-rate="0.8"><lines><line number="112" hits="0"/><line number="113" hits="0"/><line number="116" hits="0"/><line number="117" hits="0"/><line number="123" hits="1"/><line number="124" hits="1"/><line number="130" hits="1"/><line number="131" hits="1"/><line number="137" hits="1"/><line number="138" hits="1"/><line number="30" hits="2"/><line number="41" hits="1"/><line number="42" hits="1"/><line number="47" hits="1"/><line number="48" hits="1"/><line number="49" hits="1"/><line number="50" hits="1"/><line number="53" hits="1"/><line number="58" hits="1"/><line number="63" hits="1"/></lines></class><class filename="src/main/java/com/parasoft/parabank/web/controller/AccountActivityController.java" name="com.parasoft.parabank.web.controller.AccountActivityController" line-rate="0.6"><lines><line number="104" hits="1"/><line number="106" hits="1"/><line number="107" hits="1"/><line number="109" hits="1"/><line number="111" hits="1"/><line number="112" hits="1"/><line number="113" hits="0"/><line number="114" hits="0"/><line number="115" hits="0"/><line number="116" hits="0"/><line number="117" hits="0"/><line number="118" hits="0"/><line number="119" hits="0"/><line number="120" hits="0"/><line number="121" hits="0"/><line number="122" hits="1"/><line number="124" hits="1"/><line number="144" hits="0"/><line number="145" hits="0"/><line number="148" hits="0"/><line number="153" hits="0"/><line number="155" hits="0"/><line number="160" hits="0"/><line number="161" hits="0"/><line number="164" hits="0"/><line number="165" hits="0"/><line number="172" hits="1"/><line number="173" hits="1"/><line number="179" hits="1"/><line number="180" hits="1"/><line number="186" hits="1"/><line number="187" hits="1"/><line number="205" hits="1"/><line number="207" hits="1"/><line number="48" hits="2"/><line number="50" hits="1"/><line number="60" hits="1"/><line number="61" hits="1"/><line number="62" hits="1"/><line number="63" hits="1"/><line number="68" hits="1"/><line number="69" hits="1"/><line number="70" hits="1"/><line number="72" hits="1"/><line number="73" hits="1"/><line number="81" hits="1"/><line number="84" hits="1"/><line number="85" hits="0"/><line number="86" hits="0"/><line number="91" hits="1"/><line number="93" hits="1"/><line number="94" hits="1"/><line number="97" hits="1"/><line number="98" hits="0"/><line number="99" hits="0"/></lines></class></classes></package><package name="com.parasoft.parabank.web.form" line-rate="0.86666666666666666667"><classes><class filename="src/main/java/com/parasoft/parabank/web/form/AdminForm.java" name="com.parasoft.parabank.web.form.AdminForm" line-rate="0.92857142857142857143"><lines><line number="101" hits="2"/><line number="102" hits="2"/><line number="105" hits="7"/><line number="106" hits="7"/><line number="107" hits="7"/><line number="108" hits="7"/><line number="109" hits="7"/><line number="110" hits="7"/><line number="111" hits="7"/><line number="112" hits="7"/><line number="113" hits="7"/><line number="114" hits="7"/><line number="115" hits="7"/><line number="116" hits="7"/><line number="117" hits="7"/><line number="12" hits="9"/><line number="120" hits="1"/><line number="121" hits="1"/><line number="124" hits="1"/><line number="125" hits="1"/><line number="25" hits="0"/><line number="29" hits="1"/><line number="35" hits="3"/><line number="39" hits="1"/><line number="43" hits="3"/><line number="47" hits="1"/><line number="51" hits="3"/><line number="55" hits="7"/><line number="69" hits="0"/><line number="73" hits="0"/><line number="77" hits="1"/><line number="78" hits="1"/><line number="81" hits="1"/><line number="82" hits="1"/><line number="85" hits="2"/><line number="86" hits="2"/><line number="89" hits="1"/><line number="90" hits="1"/><line number="93" hits="2"/><line number="94" hits="2"/><line number="97" hits="1"/><line number="98" hits="1"/></lines></class><class filename="src/main/java/com/parasoft/parabank/web/form/AdminForm.java" name="com.parasoft.parabank.web.form.AdminForm#1" line-rate="1"><lines><line number="55" hits="7"/><line number="56" hits="7"/><line number="57" hits="7"/><line number="58" hits="7"/><line number="59" hits="7"/><line number="60" hits="7"/><line number="61" hits="7"/><line number="62" hits="7"/><line number="63" hits="7"/><line number="64" hits="7"/><line number="65" hits="7"/></lines></class><class filename="src/main/java/com/parasoft/parabank/web/form/TransferForm.java" name="com.parasoft.parabank.web.form.TransferForm" line-rate="0.1"><lines><line number="14" hits="0"/><line number="18" hits="0"/><line number="19" hits="0"/><line number="22" hits="0"/><line number="26" hits="0"/><line number="27" hits="0"/><line number="30" hits="0"/><line number="34" hits="0"/><line number="35" hits="0"/><line number="8" hits="1"/></lines></class><class filename="src/main/java/com/parasoft/parabank/web/form/BillPayForm.java" name="com.parasoft.parabank.web.form.BillPayForm" line-rate="1"><lines><line number="10" hits="4"/><line number="17" hits="2"/><line number="21" hits="2"/><line number="22" hits="2"/><line number="25" hits="2"/><line number="29" hits="2"/><line number="30" hits="2"/><line number="33" hits="2"/><line number="37" hits="2"/><line number="38" hits="2"/><line number="41" hits="2"/><line number="45" hits="2"/><line number="46" hits="2"/></lines></class><class filename="src/main/java/com/parasoft/parabank/web/form/ContactForm.java" name="com.parasoft.parabank.web.form.ContactForm" line-rate="1"><lines><line number="13" hits="2"/><line number="17" hits="2"/><line number="18" hits="2"/><line number="21" hits="2"/><line number="25" hits="2"/><line number="26" hits="2"/><line number="29" hits="2"/><line number="33" hits="2"/><line number="34" hits="2"/><line number="37" hits="2"/><line number="41" hits="2"/><line number="42" hits="2"/><line number="6" hits="3"/></lines></class><class filename="src/main/java/com/parasoft/parabank/web/form/CustomerForm.java" name="com.parasoft.parabank.web.form.CustomerForm" line-rate="1"><lines><line number="13" hits="2"/><line number="14" hits="2"/><line number="15" hits="2"/><line number="17" hits="3"/><line number="18" hits="3"/><line number="19" hits="3"/><line number="22" hits="5"/><line number="26" hits="5"/><line number="30" hits="5"/><line number="31" hits="5"/></lines></class><class filename="src/main/java/com/parasoft/parabank/web/form/FindTransactionForm.java" name="com.parasoft.parabank.web.form.FindTransactionForm" line-rate="1"><lines><line number="13" hits="1"/><line number="17" hits="2"/><line number="18" hits="2"/><line number="21" hits="2"/><line number="25" hits="2"/><line number="26" hits="2"/><line number="8" hits="3"/></lines></class><class filename="src/main/java/com/parasoft/parabank/web/form/LookupForm.java" name="com.parasoft.parabank.web.form.LookupForm" line-rate="1"><lines><line number="15" hits="2"/><line number="19" hits="2"/><line number="20" hits="2"/><line number="23" hits="2"/><line number="27" hits="2"/><line number="28" hits="2"/><line number="31" hits="2"/><line number="35" hits="2"/><line number="36" hits="2"/><line number="39" hits="2"/><line number="43" hits="2"/><line number="44" hits="2"/><line number="8" hits="2"/></lines></class><class filename="src/main/java/com/parasoft/parabank/web/form/OpenAccountForm.java" name="com.parasoft.parabank.web.form.OpenAccountForm" line-rate="0.14285714285714285714"><lines><line number="13" hits="0"/><line number="17" hits="0"/><line number="18" hits="0"/><line number="21" hits="0"/><line number="25" hits="0"/><line number="26" hits="0"/><line number="8" hits="1"/></lines></class><class filename="src/main/java/com/parasoft/parabank/web/form/RequestLoanForm.java" name="com.parasoft.parabank.web.form.RequestLoanForm" line-rate="1"><lines><line number="14" hits="2"/><line number="18" hits="2"/><line number="19" hits="2"/><line number="22" hits="2"/><line number="26" hits="1"/><line number="27" hits="1"/><line number="30" hits="1"/><line number="34" hits="1"/><line number="35" hits="1"/><line number="8" hits="3"/></lines></class></classes></package><package name="com.parasoft.parabank.web.controller.exception" line-rate="0.06666666666666666667"><classes><class filename="src/main/java/com/parasoft/parabank/web/controller/exception/AuthenticationException.java" name="com.parasoft.parabank.web.controller.exception.AuthenticationException" line-rate="0"><lines><line number="14" hits="0"/><line number="15" hits="0"/><line number="16" hits="0"/><line number="19" hits="0"/></lines></class><class filename="src/main/java/com/parasoft/parabank/web/controller/exception/AuthenticationException.java" name="com.parasoft.parabank.web.controller.exception.AuthenticationException#MessageBody" line-rate="0"><lines><line number="26" hits="0"/><line number="27" hits="0"/><line number="28" hits="0"/><line number="31" hits="0"/><line number="35" hits="0"/></lines></class><class filename="src/main/java/com/parasoft/parabank/web/controller/exception/RestResponseEntityExceptionHandler.java" name="com.parasoft.parabank.web.controller.exception.RestResponseEntityExceptionHandler" line-rate="0.16666666666666666667"><lines><line number="12" hits="1"/><line number="16" hits="0"/><line number="17" hits="0"/><line number="20" hits="0"/><line number="23" hits="0"/><line number="24" hits="0"/></lines></class></classes></package></packages></coverage>
