<?xml version="1.0" encoding="UTF-8"?>
<coverage line-rate="0.8571428571428571" branch-rate="0.5" lines-covered="6" lines-valid="7"
    branches-covered="1" version="gcovr 6.0">
    <packages>
        <package name="aaa">
            <classes>
                <class filename="clock.c" name="clock">
                    <lines>
                        <line number="15" hits="0"></line>
                        <line number="16" hits="0"></line>
                        <line number="17" hits="0"></line>
                        <line number="19" hits="0"></line>
                        <line number="20" hits="0"></line>
                        <line number="28" hits="0"></line>
                    </lines>
                </class>
                <class filename="timer.c" name="timer">
                    <lines>
                        <line number="22" hits="1"></line>
                        <line number="28" hits="1"></line>
                        <line number="30" hits="1"></line>
                        <line number="31" hits="1"></line>
                        <line number="40" hits="1"></line>
                        <line number="41" hits="1"></line>
                        <line number="42" hits="1"></line>
                        <line number="43" hits="1"></line>
                        <line number="45" hits="1"></line>
                        <line number="46" hits="1"></line>
                        <line number="48" hits="1"></line>
                        <line number="49" hits="1"></line>
                        <line number="52" hits="1"></line>
                        <line number="53" hits="1"></line>
                        <line number="54" hits="1"></line>
                        <line number="55" hits="1"></line>
                        <line number="57" hits="1"></line>
                        <line number="60" hits="1"></line>
                        <line number="61" hits="1"></line>
                        <line number="62" hits="1"></line>
                        <line number="63" hits="1"></line>
                        <line number="65" hits="1"></line>
                        <line number="68" hits="1"></line>
                        <line number="69" hits="1"></line>
                        <line number="71" hits="1"></line>
                        <line number="76" hits="1"></line>
                        <line number="78" hits="1"></line>
                        <line number="80" hits="1"></line>
                        <line number="81" hits="1"></line>
                        <line number="83" hits="0"></line>
                        <line number="85" hits="1"></line>
                        <line number="97" hits="1"></line>
                        <line number="98" hits="1"></line>
                        <line number="100" hits="0"></line>
                        <line number="110" hits="1"></line>
                        <line number="111" hits="1"></line>
                        <line number="114" hits="1"></line>
                        <line number="116" hits="1"></line>
                        <line number="117" hits="1"></line>
                        <line number="119" hits="0"></line>
                        <line number="122" hits="1"></line>
                        <line number="123" hits="1"></line>
                        <line number="128" hits="0"></line>
                        <line number="129" hits="0"></line>
                        <line number="131" hits="0"></line>
                        <line number="133" hits="0"></line>
                        <line number="134" hits="0"></line>
                        <line number="136" hits="0"></line>
                        <line number="137" hits="0"></line>
                        <line number="144" hits="0"></line>
                        <line number="145" hits="0"></line>
                        <line number="146" hits="0"></line>
                        <line number="147" hits="0"></line>
                        <line number="148" hits="0"></line>
                        <line number="150" hits="0"></line>
                        <line number="151" hits="0"></line>
                        <line number="153" hits="0"></line>
                    </lines>
                </class>
                <class filename="stdinout.c" name="stdinout">
                    <lines>
                        <line number="18" hits="1"></line>
                        <line number="19" hits="1"></line>
                        <line number="20" hits="1"></line>
                        <line number="35" hits="1"></line>
                        <line number="38" hits="1"></line>
                        <line number="39" hits="1"></line>
                        <line number="40" hits="1"></line>
                        <line number="41" hits="1"></line>
                        <line number="45" hits="1"></line>
                        <line number="46" hits="1"></line>
                        <line number="54" hits="1"></line>
                    </lines>
                </class>
                <class filename="driver.c" name="driver">
                    <lines>
                        <line number="15" hits="1"></line>
                        <line number="16" hits="1"></line>
                        <line number="17" hits="1"></line>
                        <line number="18" hits="1"></line>
                        <line number="19" hits="1"></line>
                        <line number="20" hits="1"></line>
                        <line number="21" hits="1"></line>
                        <line number="22" hits="1"></line>
                        <line number="23" hits="1"></line>
                        <line number="24" hits="1"></line>
                        <line number="25" hits="1"></line>
                        <line number="26" hits="1"></line>
                        <line number="28" hits="1"></line>
                        <line number="29" hits="1"></line>
                        <line number="34" hits="1"></line>
                        <line number="35" hits="1"></line>
                        <line number="37" hits="1"></line>
                        <line number="40" hits="1"></line>
                        <line number="41" hits="1"></line>
                        <line number="42" hits="0"></line>
                        <line number="44" hits="1"></line>
                        <line number="46" hits="1"></line>
                        <line number="48" hits="0"></line>
                        <line number="49" hits="0"></line>
                        <line number="50" hits="0"></line>
                        <line number="52" hits="0"></line>
                        <line number="53" hits="0"></line>
                        <line number="55" hits="0"></line>
                        <line number="56" hits="0"></line>
                        <line number="59" hits="1"></line>
                        <line number="60" hits="1"></line>
                        <line number="63" hits="1"></line>
                        <line number="64" hits="1"></line>
                        <line number="71" hits="1"></line>
                        <line number="72" hits="1"></line>
                        <line number="73" hits="1"></line>
                        <line number="74" hits="1"></line>
                    </lines>
                </class>
            </classes>
        </package>
    </packages>
</coverage>
